2026-03-14 19:30:21,069 | INFO | 
Starting LSTM training process.

2026-03-14 19:30:21,069 | INFO | Loading raw data...
2026-03-14 19:31:14,371 | INFO | 
Starting LSTM training process.

2026-03-14 19:31:14,371 | INFO | Loading raw data...
2026-03-14 19:31:46,590 | INFO | 
Starting LSTM training process.

2026-03-14 19:31:46,590 | INFO | Loading raw data...
2026-03-14 19:31:46,590 | INFO | DataLoader initialized with file: data/raw/retail_store_inventory.csv
2026-03-14 19:33:36,487 | INFO | 
Starting LSTM training process.

2026-03-14 19:33:36,487 | INFO | Loading raw data...
2026-03-14 19:33:36,487 | INFO | DataLoader initialized with file: data/raw/retail_store_inventory.csv
2026-03-14 23:44:12,725 | INFO | LSTM TRAINING PIPELINE
2026-03-14 23:44:12,725 | INFO | ConfigLoader(
  project=ai_replenishment_system v1.0.0
  seed=42
  lstm_hidden=64, horizon=7
  rl_lead_time=2, episode=30 days
)
2026-03-14 23:44:12,725 | INFO | Loading raw data...
2026-03-14 23:44:12,726 | INFO | DataLoader initialised — file: data/raw/retail_store_inventory.csv
2026-03-14 23:44:12,726 | INFO | Loading raw CSV...
2026-03-14 23:44:12,776 | INFO |   Loaded 73,100 rows, 15 columns
2026-03-14 23:44:12,803 | INFO |   Final shape: (73100, 15) | Stores: 5 | Products: 20 | Date range: 2022-01-01 → 2024-01-01
2026-03-14 23:47:24,211 | INFO | LSTM TRAINING PIPELINE
2026-03-14 23:47:24,212 | INFO | ConfigLoader(
  project=ai_replenishment_system v1.0.0
  seed=42
  lstm_hidden=64, horizon=7
  rl_lead_time=2, episode=30 days
)
2026-03-14 23:47:24,212 | INFO | Loading raw data...
2026-03-14 23:47:24,212 | INFO | DataLoader initialised — file: data/raw/retail_store_inventory.csv
2026-03-14 23:47:24,212 | INFO | Loading raw CSV...
2026-03-14 23:47:24,258 | INFO |   Loaded 73,100 rows, 15 columns
2026-03-14 23:47:24,286 | INFO |   Final shape: (73100, 15) | Stores: 5 | Products: 20 | Date range: 2022-01-01 → 2024-01-01
2026-03-14 23:47:24,294 | INFO | Found 100 unique store-product pairs.
2026-03-14 23:47:24,294 | INFO | Loaded raw data with 73100 rows and 100 unique store-product pairs.
2026-03-14 23:47:24,294 | INFO | Preprocessing data...
2026-03-14 23:47:24,294 | INFO | Preprocessor: fit_transform started
2026-03-14 23:47:24,470 | INFO |   Fitted 100 scalers
2026-03-14 23:47:24,489 | INFO |   Saved 100 scalers to models/lstm/scalers
2026-03-14 23:47:24,489 | INFO | Preprocessor: fit_transform complete
2026-03-14 23:47:24,489 | INFO | Preprocessed data. Sample after preprocessing:
(73100, 15)
2026-03-14 23:47:24,489 | INFO | Performing feature engineering...
2026-03-14 23:47:24,489 | INFO | FeatureEngineer: building features...
2026-03-14 23:47:24,520 | INFO |   ✓ Lag features added (lag_1, lag_7)
2026-03-14 23:47:24,524 | INFO |   ✓ Rolling statistics added (mean_7, std_7)
2026-03-14 23:47:24,528 | INFO |   ✓ Time features added (day_of_week sin/cos, month sin/cos)
2026-03-14 23:47:24,541 | INFO |   ✓ Categorical encoding: 17 columns created
2026-03-14 23:47:24,545 | INFO |   ✓ Dropped 700 NaN rows (from lag/rolling at series start)
2026-03-14 23:47:24,546 | INFO | FeatureEngineer: complete. Shape: (72400, 36) | Numeric features: 12 | Categorical features: 17
2026-03-14 23:47:24,546 | INFO | Featured shapes: (72400, 36)
2026-03-14 23:47:24,546 | INFO | Numeric features: 12
2026-03-14 23:47:24,546 | INFO | Categorical features: 17
2026-03-14 23:47:24,546 | INFO | 
 Building LSTM sequence
2026-03-14 23:47:24,546 | INFO | SequenceBuilder: processing 1 store-product pairs...
2026-03-14 23:47:24,658 | INFO |   train: X=(50654, 30, 30), y=(50654, 7)
2026-03-14 23:47:24,664 | INFO |   val  : X=(10855, 30, 30), y=(10855, 7)
2026-03-14 23:47:24,670 | INFO |   test : X=(10855, 30, 30), y=(10855, 7)
2026-03-14 23:47:24,675 | INFO | Train: X=(50654, 30, 30), y=(50654, 7)
2026-03-14 23:47:24,675 | INFO | Validation: X=(10855, 30, 30), y=(10855, 7)
2026-03-14 23:47:24,675 | INFO | Test: X=(10855, 30, 30), y=(10855, 7)
2026-03-14 23:47:24,675 | INFO | 
Training LSTM model...
2026-03-14 23:47:24,675 | INFO | Actual input size for LSTM: 30 (features=30)
2026-03-14 23:47:24,679 | INFO | LSTMForecastModel created: input=30, hidden=64, layers=2, horizon=1, params=57,921
2026-03-14 23:47:24,679 | INFO | 
 LSTM Model Training
2026-03-14 23:47:24,685 | INFO | LSTMTrainer initialized on device cpu.
2026-03-15 00:06:01,192 | INFO | LSTM TRAINING PIPELINE
2026-03-15 00:06:01,192 | INFO | ConfigLoader(
  project=ai_replenishment_system v1.0.0
  seed=42
  lstm_hidden=64, horizon=7
  rl_lead_time=2, episode=30 days
)
2026-03-15 00:06:01,192 | INFO | Loading raw data...
2026-03-15 00:06:01,192 | INFO | DataLoader initialised — file: data/raw/retail_store_inventory.csv
2026-03-15 00:06:01,192 | INFO | Loading raw CSV...
2026-03-15 00:06:01,239 | INFO |   Loaded 73,100 rows, 15 columns
2026-03-15 00:06:01,266 | INFO |   Final shape: (73100, 15) | Stores: 5 | Products: 20 | Date range: 2022-01-01 → 2024-01-01
2026-03-15 00:06:01,272 | INFO | Found 100 unique store-product pairs.
2026-03-15 00:06:01,272 | INFO | Loaded raw data with 73100 rows and 100 unique store-product pairs.
2026-03-15 00:06:01,272 | INFO | Preprocessing data...
2026-03-15 00:06:01,272 | INFO | Preprocessor: fit_transform started
2026-03-15 00:06:01,441 | INFO |   Fitted 100 scalers
2026-03-15 00:06:01,459 | INFO |   Saved 100 scalers to models/lstm/scalers
2026-03-15 00:06:01,459 | INFO | Preprocessor: fit_transform complete
2026-03-15 00:06:01,459 | INFO | Preprocessed data. Sample after preprocessing:
(73100, 15)
2026-03-15 00:06:01,459 | INFO | Performing feature engineering...
2026-03-15 00:06:01,459 | INFO | FeatureEngineer: building features...
2026-03-15 00:06:01,493 | INFO |   ✓ Lag features added (lag_1, lag_7)
2026-03-15 00:06:01,497 | INFO |   ✓ Rolling statistics added (mean_7, std_7)
2026-03-15 00:06:01,501 | INFO |   ✓ Time features added (day_of_week sin/cos, month sin/cos)
2026-03-15 00:06:01,514 | INFO |   ✓ Categorical encoding: 17 columns created
2026-03-15 00:06:01,518 | INFO |   ✓ Dropped 700 NaN rows (from lag/rolling at series start)
2026-03-15 00:06:01,519 | INFO | FeatureEngineer: complete. Shape: (72400, 36) | Numeric features: 12 | Categorical features: 17
2026-03-15 00:06:01,519 | INFO | Featured shapes: (72400, 36)
2026-03-15 00:06:01,519 | INFO | Numeric features: 12
2026-03-15 00:06:01,519 | INFO | Categorical features: 17
2026-03-15 00:06:01,519 | INFO | 
 Building LSTM sequence
2026-03-15 00:06:01,519 | INFO | SequenceBuilder: processing 1 store-product pairs...
2026-03-15 00:06:01,633 | INFO |   train: X=(50654, 30, 30), y=(50654, 7)
2026-03-15 00:06:01,640 | INFO |   val  : X=(10855, 30, 30), y=(10855, 7)
2026-03-15 00:06:01,647 | INFO |   test : X=(10855, 30, 30), y=(10855, 7)
2026-03-15 00:06:01,656 | INFO | Train: X=(50654, 30, 30), y=(50654, 7)
2026-03-15 00:06:01,656 | INFO | Validation: X=(10855, 30, 30), y=(10855, 7)
2026-03-15 00:06:01,656 | INFO | Test: X=(10855, 30, 30), y=(10855, 7)
2026-03-15 00:06:01,656 | INFO | 
Training LSTM model...
2026-03-15 00:06:01,656 | INFO | Actual input size for LSTM: 30 (features=30)
2026-03-15 00:06:01,662 | INFO | LSTMForecastModel created: input=30, hidden=64, layers=2, horizon=1, params=57,921
2026-03-15 00:06:01,663 | INFO | 
 LSTM Model Training
2026-03-15 00:06:01,664 | INFO | LSTMTrainer initialized on device cpu.
2026-03-15 00:06:02,166 | INFO | Starting training for 50 epochs with batch size 64 and learning rate 0.001.train_samples=50654, val_samples=10855
2026-03-15 00:17:09,457 | INFO | LSTM TRAINING PIPELINE
2026-03-15 00:17:09,458 | INFO | ConfigLoader(
  project=ai_replenishment_system v1.0.0
  seed=42
  lstm_hidden=64, horizon=7
  rl_lead_time=2, episode=30 days
)
2026-03-15 00:17:09,458 | INFO | Loading raw data...
2026-03-15 00:17:09,458 | INFO | DataLoader initialised — file: data/raw/retail_store_inventory.csv
2026-03-15 00:17:09,458 | INFO | Loading raw CSV...
2026-03-15 00:17:09,508 | INFO |   Loaded 73,100 rows, 15 columns
2026-03-15 00:17:09,534 | INFO |   Final shape: (73100, 15) | Stores: 5 | Products: 20 | Date range: 2022-01-01 → 2024-01-01
2026-03-15 00:17:09,541 | INFO | Found 100 unique store-product pairs.
2026-03-15 00:17:09,541 | INFO | Loaded raw data with 73100 rows and 100 unique store-product pairs.
2026-03-15 00:17:09,541 | INFO | Preprocessing data...
2026-03-15 00:17:09,541 | INFO | Preprocessor: fit_transform started
2026-03-15 00:17:09,706 | INFO |   Fitted 100 scalers
2026-03-15 00:17:09,725 | INFO |   Saved 100 scalers to models/lstm/scalers
2026-03-15 00:17:09,725 | INFO | Preprocessor: fit_transform complete
2026-03-15 00:17:09,725 | INFO | Preprocessed data. Sample after preprocessing:
(73100, 15)
2026-03-15 00:17:09,725 | INFO | Performing feature engineering...
2026-03-15 00:17:09,725 | INFO | FeatureEngineer: building features...
2026-03-15 00:17:09,755 | INFO |   ✓ Lag features added (lag_1, lag_7)
2026-03-15 00:17:09,758 | INFO |   ✓ Rolling statistics added (mean_7, std_7)
2026-03-15 00:17:09,762 | INFO |   ✓ Time features added (day_of_week sin/cos, month sin/cos)
2026-03-15 00:17:09,774 | INFO |   ✓ Categorical encoding: 17 columns created
2026-03-15 00:17:09,778 | INFO |   ✓ Dropped 700 NaN rows (from lag/rolling at series start)
2026-03-15 00:17:09,780 | INFO | FeatureEngineer: complete. Shape: (72400, 36) | Numeric features: 12 | Categorical features: 17
2026-03-15 00:17:09,780 | INFO | Featured shapes: (72400, 36)
2026-03-15 00:17:09,780 | INFO | Numeric features: 12
2026-03-15 00:17:09,780 | INFO | Categorical features: 17
2026-03-15 00:17:09,780 | INFO | 
 Building LSTM sequence
2026-03-15 00:17:09,780 | INFO | SequenceBuilder: processing 1 store-product pairs...
2026-03-15 00:17:09,898 | INFO |   train: X=(50654, 30, 30), y=(50654, 7)
2026-03-15 00:17:09,908 | INFO |   val  : X=(10855, 30, 30), y=(10855, 7)
2026-03-15 00:17:09,916 | INFO |   test : X=(10855, 30, 30), y=(10855, 7)
2026-03-15 00:17:09,924 | INFO | Train: X=(50654, 30, 30), y=(50654, 7)
2026-03-15 00:17:09,924 | INFO | Validation: X=(10855, 30, 30), y=(10855, 7)
2026-03-15 00:17:09,924 | INFO | Test: X=(10855, 30, 30), y=(10855, 7)
2026-03-15 00:17:09,924 | INFO | 
Training LSTM model...
2026-03-15 00:17:09,924 | INFO | Actual input size for LSTM: 30 (features=30)
2026-03-15 00:17:09,931 | INFO | LSTMForecastModel created: input=30, hidden=64, layers=2, horizon=1, params=57,921
2026-03-15 00:17:09,931 | INFO | 
 LSTM Model Training
2026-03-15 00:17:09,932 | INFO | LSTMTrainer initialized on device cpu.
2026-03-15 00:17:10,391 | INFO | Starting training for 50 epochs with batch size 64 and learning rate 0.001.train_samples=50654, val_samples=10855
2026-03-15 00:17:19,412 | INFO | Epoch   1/50 | Train Loss: 0.064097 | Val Loss: 0.044210 | LR: 0.001000 | Time: 9.0s
2026-03-15 00:17:27,539 | INFO | Epoch   2/50 | Train Loss: 0.041156 | Val Loss: 0.046642 | LR: 0.001000 | Time: 8.1s
2026-03-15 00:17:35,605 | INFO | Epoch   3/50 | Train Loss: 0.046049 | Val Loss: 0.044274 | LR: 0.001000 | Time: 8.1s
2026-03-15 00:17:43,684 | INFO | Epoch   4/50 | Train Loss: 0.048541 | Val Loss: 0.045675 | LR: 0.001000 | Time: 8.1s
2026-03-15 00:17:51,763 | INFO | Epoch   5/50 | Train Loss: 0.048167 | Val Loss: 0.044795 | LR: 0.001000 | Time: 8.1s
2026-03-15 00:17:59,849 | INFO | Epoch   6/50 | Train Loss: 0.057288 | Val Loss: 0.048808 | LR: 0.001000 | Time: 8.1s
2026-03-15 00:18:07,950 | INFO | Epoch   7/50 | Train Loss: 0.055803 | Val Loss: 0.045110 | LR: 0.000500 | Time: 8.1s
2026-03-15 00:18:16,062 | INFO | Epoch   8/50 | Train Loss: 0.051696 | Val Loss: 0.047424 | LR: 0.000500 | Time: 8.1s
2026-03-15 00:18:24,149 | INFO | Epoch   9/50 | Train Loss: 0.046552 | Val Loss: 0.048356 | LR: 0.000500 | Time: 8.1s
2026-03-15 00:18:32,245 | INFO | Epoch  10/50 | Train Loss: 0.052440 | Val Loss: 0.047401 | LR: 0.000500 | Time: 8.1s
2026-03-15 00:18:40,326 | INFO | Epoch  11/50 | Train Loss: 0.045857 | Val Loss: 0.048189 | LR: 0.000500 | Time: 8.1s
2026-03-15 00:18:48,408 | INFO | Epoch  12/50 | Train Loss: 0.050892 | Val Loss: 0.049007 | LR: 0.000500 | Time: 8.1s
2026-03-15 00:18:56,526 | INFO | Epoch  13/50 | Train Loss: 0.046955 | Val Loss: 0.049268 | LR: 0.000250 | Time: 8.1s
2026-03-15 00:19:04,634 | INFO | Epoch  14/50 | Train Loss: 0.049705 | Val Loss: 0.047645 | LR: 0.000250 | Time: 8.1s
2026-03-15 00:19:12,721 | INFO | Epoch  15/50 | Train Loss: 0.051320 | Val Loss: 0.050414 | LR: 0.000250 | Time: 8.1s
2026-03-15 00:19:20,812 | INFO | Epoch  16/50 | Train Loss: 0.053454 | Val Loss: 0.050535 | LR: 0.000250 | Time: 8.1s
2026-03-15 00:19:28,903 | INFO | Epoch  17/50 | Train Loss: 0.049008 | Val Loss: 0.050398 | LR: 0.000250 | Time: 8.1s
2026-03-15 00:19:36,992 | INFO | Epoch  18/50 | Train Loss: 0.056559 | Val Loss: 0.050076 | LR: 0.000250 | Time: 8.1s
2026-03-15 00:19:45,095 | INFO | Epoch  19/50 | Train Loss: 0.051037 | Val Loss: 0.048563 | LR: 0.000125 | Time: 8.1s
2026-03-15 00:19:53,199 | INFO | Epoch  20/50 | Train Loss: 0.049663 | Val Loss: 0.050374 | LR: 0.000125 | Time: 8.1s
2026-03-15 00:20:01,317 | INFO | Epoch  21/50 | Train Loss: 0.057043 | Val Loss: 0.051005 | LR: 0.000125 | Time: 8.1s
2026-03-15 00:20:09,454 | INFO | Epoch  22/50 | Train Loss: 0.042752 | Val Loss: 0.050509 | LR: 0.000125 | Time: 8.1s
2026-03-15 00:20:17,617 | INFO | Epoch  23/50 | Train Loss: 0.041998 | Val Loss: 0.051079 | LR: 0.000125 | Time: 8.2s
2026-03-15 00:20:25,846 | INFO | Epoch  24/50 | Train Loss: 0.043076 | Val Loss: 0.051676 | LR: 0.000125 | Time: 8.2s
2026-03-15 00:20:33,931 | INFO | Epoch  25/50 | Train Loss: 0.049494 | Val Loss: 0.050293 | LR: 0.000063 | Time: 8.1s
2026-03-15 00:20:42,000 | INFO | Epoch  26/50 | Train Loss: 0.042290 | Val Loss: 0.050791 | LR: 0.000063 | Time: 8.1s
2026-03-15 00:20:50,070 | INFO | Epoch  27/50 | Train Loss: 0.051836 | Val Loss: 0.050468 | LR: 0.000063 | Time: 8.1s
2026-03-15 00:20:58,136 | INFO | Epoch  28/50 | Train Loss: 0.050658 | Val Loss: 0.050143 | LR: 0.000063 | Time: 8.1s
2026-03-15 00:21:06,203 | INFO | Epoch  29/50 | Train Loss: 0.049594 | Val Loss: 0.049696 | LR: 0.000063 | Time: 8.1s
2026-03-15 00:21:14,272 | INFO | Epoch  30/50 | Train Loss: 0.046839 | Val Loss: 0.051104 | LR: 0.000063 | Time: 8.1s
2026-03-15 00:21:22,333 | INFO | Epoch  31/50 | Train Loss: 0.048815 | Val Loss: 0.050416 | LR: 0.000031 | Time: 8.1s
2026-03-15 00:21:30,396 | INFO | Epoch  32/50 | Train Loss: 0.049167 | Val Loss: 0.051781 | LR: 0.000031 | Time: 8.1s
2026-03-15 00:21:38,460 | INFO | Epoch  33/50 | Train Loss: 0.051961 | Val Loss: 0.050851 | LR: 0.000031 | Time: 8.1s
2026-03-15 00:21:46,528 | INFO | Epoch  34/50 | Train Loss: 0.044881 | Val Loss: 0.050550 | LR: 0.000031 | Time: 8.1s
2026-03-15 00:21:54,594 | INFO | Epoch  35/50 | Train Loss: 0.052888 | Val Loss: 0.050953 | LR: 0.000031 | Time: 8.1s
2026-03-15 00:22:02,655 | INFO | Epoch  36/50 | Train Loss: 0.049831 | Val Loss: 0.050706 | LR: 0.000031 | Time: 8.1s
2026-03-15 00:22:10,721 | INFO | Epoch  37/50 | Train Loss: 0.051124 | Val Loss: 0.050379 | LR: 0.000016 | Time: 8.1s
2026-03-15 00:22:18,797 | INFO | Epoch  38/50 | Train Loss: 0.042147 | Val Loss: 0.050341 | LR: 0.000016 | Time: 8.1s
2026-03-15 00:22:26,820 | INFO | Epoch  39/50 | Train Loss: 0.050171 | Val Loss: 0.050829 | LR: 0.000016 | Time: 8.0s
2026-03-15 00:22:34,916 | INFO | Epoch  40/50 | Train Loss: 0.050157 | Val Loss: 0.050951 | LR: 0.000016 | Time: 8.1s
2026-03-15 00:22:42,977 | INFO | Epoch  41/50 | Train Loss: 0.050841 | Val Loss: 0.050586 | LR: 0.000016 | Time: 8.1s
2026-03-15 00:22:51,066 | INFO | Epoch  42/50 | Train Loss: 0.051952 | Val Loss: 0.050899 | LR: 0.000016 | Time: 8.1s
2026-03-15 00:22:59,132 | INFO | Epoch  43/50 | Train Loss: 0.054338 | Val Loss: 0.050186 | LR: 0.000008 | Time: 8.1s
2026-03-15 00:23:07,203 | INFO | Epoch  44/50 | Train Loss: 0.053334 | Val Loss: 0.050561 | LR: 0.000008 | Time: 8.1s
2026-03-15 00:23:15,277 | INFO | Epoch  45/50 | Train Loss: 0.048434 | Val Loss: 0.050909 | LR: 0.000008 | Time: 8.1s
2026-03-15 00:23:23,332 | INFO | Epoch  46/50 | Train Loss: 0.053720 | Val Loss: 0.050330 | LR: 0.000008 | Time: 8.1s
2026-03-15 00:23:31,394 | INFO | Epoch  47/50 | Train Loss: 0.051460 | Val Loss: 0.050522 | LR: 0.000008 | Time: 8.1s
2026-03-15 00:23:39,482 | INFO | Epoch  48/50 | Train Loss: 0.039626 | Val Loss: 0.050733 | LR: 0.000008 | Time: 8.1s
2026-03-15 00:23:47,538 | INFO | Epoch  49/50 | Train Loss: 0.043769 | Val Loss: 0.050524 | LR: 0.000004 | Time: 8.1s
2026-03-15 00:23:55,615 | INFO | Epoch  50/50 | Train Loss: 0.050776 | Val Loss: 0.050676 | LR: 0.000004 | Time: 8.1s
2026-03-15 00:26:30,157 | INFO | LSTM TRAINING PIPELINE
2026-03-15 00:26:30,157 | INFO | ConfigLoader(
  project=ai_replenishment_system v1.0.0
  seed=42
  lstm_hidden=64, horizon=7
  rl_lead_time=2, episode=30 days
)
2026-03-15 00:26:30,157 | INFO | Loading raw data...
2026-03-15 00:26:30,157 | INFO | DataLoader initialised — file: data/raw/retail_store_inventory.csv
2026-03-15 00:26:30,157 | INFO | Loading raw CSV...
2026-03-15 00:26:30,201 | INFO |   Loaded 73,100 rows, 15 columns
2026-03-15 00:26:30,230 | INFO |   Final shape: (73100, 15) | Stores: 5 | Products: 20 | Date range: 2022-01-01 → 2024-01-01
2026-03-15 00:26:30,237 | INFO | Found 100 unique store-product pairs.
2026-03-15 00:26:30,237 | INFO | Loaded raw data with 73100 rows and 100 unique store-product pairs.
2026-03-15 00:26:30,237 | INFO | Preprocessing data...
2026-03-15 00:26:30,237 | INFO | Preprocessor: fit_transform started
2026-03-15 00:26:30,407 | INFO |   Fitted 100 scalers
2026-03-15 00:26:30,428 | INFO |   Saved 100 scalers to models/lstm/scalers
2026-03-15 00:26:30,428 | INFO | Preprocessor: fit_transform complete
2026-03-15 00:26:30,428 | INFO | Preprocessed data. Sample after preprocessing:
(73100, 15)
2026-03-15 00:26:30,428 | INFO | Performing feature engineering...
2026-03-15 00:26:30,428 | INFO | FeatureEngineer: building features...
2026-03-15 00:26:30,459 | INFO |   ✓ Lag features added (lag_1, lag_7)
2026-03-15 00:26:30,464 | INFO |   ✓ Rolling statistics added (mean_7, std_7)
2026-03-15 00:26:30,468 | INFO |   ✓ Time features added (day_of_week sin/cos, month sin/cos)
2026-03-15 00:26:30,480 | INFO |   ✓ Categorical encoding: 17 columns created
2026-03-15 00:26:30,485 | INFO |   ✓ Dropped 700 NaN rows (from lag/rolling at series start)
2026-03-15 00:26:30,486 | INFO | FeatureEngineer: complete. Shape: (72400, 36) | Numeric features: 12 | Categorical features: 17
2026-03-15 00:26:30,486 | INFO | Featured shapes: (72400, 36)
2026-03-15 00:26:30,486 | INFO | Numeric features: 12
2026-03-15 00:26:30,486 | INFO | Categorical features: 17
2026-03-15 00:26:30,486 | INFO | 
 Building LSTM sequence
2026-03-15 00:26:30,486 | INFO | SequenceBuilder: processing 1 store-product pairs...
2026-03-15 00:26:30,597 | INFO |   train: X=(50654, 30, 30), y=(50654, 7)
2026-03-15 00:26:30,605 | INFO |   val  : X=(10855, 30, 30), y=(10855, 7)
2026-03-15 00:26:30,612 | INFO |   test : X=(10855, 30, 30), y=(10855, 7)
2026-03-15 00:26:30,618 | INFO | Train: X=(50654, 30, 30), y=(50654, 7)
2026-03-15 00:26:30,619 | INFO | Validation: X=(10855, 30, 30), y=(10855, 7)
2026-03-15 00:26:30,619 | INFO | Test: X=(10855, 30, 30), y=(10855, 7)
2026-03-15 00:26:30,619 | INFO | 
Training LSTM model...
2026-03-15 00:26:30,619 | INFO | Actual input size for LSTM: 30 (features=30)
2026-03-15 00:26:30,623 | INFO | LSTMForecastModel created: input=30, hidden=64, layers=2, horizon=1, params=57,921
2026-03-15 00:26:30,623 | INFO | 
 LSTM Model Training
2026-03-15 00:26:30,625 | INFO | LSTMTrainer initialized on device cpu.
2026-03-15 00:26:31,122 | INFO | Starting training for 50 epochs with batch size 64 and learning rate 0.001.train_samples=50654, val_samples=10855
2026-03-15 00:26:39,798 | INFO | Epoch   1/50 | Train Loss: 0.047237 | Val Loss: 0.044454 | LR: 0.001000 | Time: 8.7s
2026-03-15 00:26:48,068 | INFO | Epoch   2/50 | Train Loss: 0.051073 | Val Loss: 0.045753 | LR: 0.001000 | Time: 8.3s
2026-03-15 00:26:56,209 | INFO | Epoch   3/50 | Train Loss: 0.055714 | Val Loss: 0.044897 | LR: 0.001000 | Time: 8.1s
2026-03-15 00:27:04,351 | INFO | Epoch   4/50 | Train Loss: 0.054381 | Val Loss: 0.044177 | LR: 0.001000 | Time: 8.1s
2026-03-15 00:27:12,465 | INFO | Epoch   5/50 | Train Loss: 0.047746 | Val Loss: 0.044632 | LR: 0.001000 | Time: 8.1s
2026-03-15 00:27:20,590 | INFO | Epoch   6/50 | Train Loss: 0.052452 | Val Loss: 0.046065 | LR: 0.001000 | Time: 8.1s
2026-03-15 00:27:28,697 | INFO | Epoch   7/50 | Train Loss: 0.057156 | Val Loss: 0.046537 | LR: 0.001000 | Time: 8.1s
2026-03-15 00:27:36,841 | INFO | Epoch   8/50 | Train Loss: 0.065442 | Val Loss: 0.046207 | LR: 0.001000 | Time: 8.1s
2026-03-15 00:27:44,998 | INFO | Epoch   9/50 | Train Loss: 0.047587 | Val Loss: 0.045348 | LR: 0.001000 | Time: 8.2s
2026-03-15 00:27:53,137 | INFO | Epoch  10/50 | Train Loss: 0.044619 | Val Loss: 0.048025 | LR: 0.000500 | Time: 8.1s
2026-03-15 00:28:01,276 | INFO | Epoch  11/50 | Train Loss: 0.045606 | Val Loss: 0.047331 | LR: 0.000500 | Time: 8.1s
2026-03-15 00:28:09,411 | INFO | Epoch  12/50 | Train Loss: 0.045101 | Val Loss: 0.046487 | LR: 0.000500 | Time: 8.1s
2026-03-15 00:28:17,548 | INFO | Epoch  13/50 | Train Loss: 0.057718 | Val Loss: 0.049800 | LR: 0.000500 | Time: 8.1s
2026-03-15 00:28:25,702 | INFO | Epoch  14/50 | Train Loss: 0.047620 | Val Loss: 0.051473 | LR: 0.000500 | Time: 8.2s
2026-03-15 00:28:33,945 | INFO | Epoch  15/50 | Train Loss: 0.048086 | Val Loss: 0.050135 | LR: 0.000500 | Time: 8.2s
2026-03-15 00:28:42,086 | INFO | Epoch  16/50 | Train Loss: 0.059150 | Val Loss: 0.049611 | LR: 0.000250 | Time: 8.1s
2026-03-15 00:28:50,221 | INFO | Epoch  17/50 | Train Loss: 0.041805 | Val Loss: 0.050596 | LR: 0.000250 | Time: 8.1s
2026-03-15 00:28:58,343 | INFO | Epoch  18/50 | Train Loss: 0.049387 | Val Loss: 0.052342 | LR: 0.000250 | Time: 8.1s
2026-03-15 00:29:06,472 | INFO | Epoch  19/50 | Train Loss: 0.039788 | Val Loss: 0.050914 | LR: 0.000250 | Time: 8.1s
2026-03-15 00:29:14,595 | INFO | Epoch  20/50 | Train Loss: 0.039505 | Val Loss: 0.052865 | LR: 0.000250 | Time: 8.1s
2026-03-15 00:29:22,742 | INFO | Epoch  21/50 | Train Loss: 0.052002 | Val Loss: 0.051687 | LR: 0.000250 | Time: 8.1s
2026-03-15 00:29:30,846 | INFO | Epoch  22/50 | Train Loss: 0.042332 | Val Loss: 0.051255 | LR: 0.000125 | Time: 8.1s
2026-03-15 00:29:38,949 | INFO | Epoch  23/50 | Train Loss: 0.053254 | Val Loss: 0.051411 | LR: 0.000125 | Time: 8.1s
2026-03-15 00:29:47,064 | INFO | Epoch  24/50 | Train Loss: 0.052833 | Val Loss: 0.051308 | LR: 0.000125 | Time: 8.1s
2026-03-15 00:29:55,233 | INFO | Epoch  25/50 | Train Loss: 0.044845 | Val Loss: 0.052958 | LR: 0.000125 | Time: 8.2s
2026-03-15 00:30:03,440 | INFO | Epoch  26/50 | Train Loss: 0.045769 | Val Loss: 0.052849 | LR: 0.000125 | Time: 8.2s
2026-03-15 00:30:11,569 | INFO | Epoch  27/50 | Train Loss: 0.046605 | Val Loss: 0.052390 | LR: 0.000125 | Time: 8.1s
2026-03-15 00:30:19,683 | INFO | Epoch  28/50 | Train Loss: 0.045586 | Val Loss: 0.053335 | LR: 0.000063 | Time: 8.1s
2026-03-15 00:30:27,788 | INFO | Epoch  29/50 | Train Loss: 0.045859 | Val Loss: 0.052544 | LR: 0.000063 | Time: 8.1s
2026-03-15 00:30:35,884 | INFO | Epoch  30/50 | Train Loss: 0.049382 | Val Loss: 0.052308 | LR: 0.000063 | Time: 8.1s
2026-03-15 00:30:44,007 | INFO | Epoch  31/50 | Train Loss: 0.044508 | Val Loss: 0.053194 | LR: 0.000063 | Time: 8.1s
2026-03-15 00:30:52,112 | INFO | Epoch  32/50 | Train Loss: 0.049622 | Val Loss: 0.052753 | LR: 0.000063 | Time: 8.1s
2026-03-15 00:31:00,226 | INFO | Epoch  33/50 | Train Loss: 0.044726 | Val Loss: 0.053195 | LR: 0.000063 | Time: 8.1s
2026-03-15 00:31:08,325 | INFO | Epoch  34/50 | Train Loss: 0.046334 | Val Loss: 0.053016 | LR: 0.000031 | Time: 8.1s
2026-03-15 00:31:16,448 | INFO | Epoch  35/50 | Train Loss: 0.043003 | Val Loss: 0.053152 | LR: 0.000031 | Time: 8.1s
2026-03-15 00:31:24,540 | INFO | Epoch  36/50 | Train Loss: 0.052113 | Val Loss: 0.053174 | LR: 0.000031 | Time: 8.1s
2026-03-15 00:31:32,672 | INFO | Epoch  37/50 | Train Loss: 0.047585 | Val Loss: 0.052613 | LR: 0.000031 | Time: 8.1s
2026-03-15 00:31:40,777 | INFO | Epoch  38/50 | Train Loss: 0.049244 | Val Loss: 0.052632 | LR: 0.000031 | Time: 8.1s
2026-03-15 00:31:48,883 | INFO | Epoch  39/50 | Train Loss: 0.044740 | Val Loss: 0.052583 | LR: 0.000031 | Time: 8.1s
2026-03-15 00:31:56,978 | INFO | Epoch  40/50 | Train Loss: 0.050016 | Val Loss: 0.053055 | LR: 0.000016 | Time: 8.1s
2026-03-15 00:32:05,078 | INFO | Epoch  41/50 | Train Loss: 0.042171 | Val Loss: 0.052854 | LR: 0.000016 | Time: 8.1s
2026-03-15 00:32:13,174 | INFO | Epoch  42/50 | Train Loss: 0.046021 | Val Loss: 0.052835 | LR: 0.000016 | Time: 8.1s
2026-03-15 00:32:21,259 | INFO | Epoch  43/50 | Train Loss: 0.057091 | Val Loss: 0.052796 | LR: 0.000016 | Time: 8.1s
2026-03-15 00:32:29,366 | INFO | Epoch  44/50 | Train Loss: 0.046650 | Val Loss: 0.053153 | LR: 0.000016 | Time: 8.1s
2026-03-15 00:32:37,465 | INFO | Epoch  45/50 | Train Loss: 0.046034 | Val Loss: 0.053406 | LR: 0.000016 | Time: 8.1s
2026-03-15 00:32:45,599 | INFO | Epoch  46/50 | Train Loss: 0.043998 | Val Loss: 0.053274 | LR: 0.000008 | Time: 8.1s
2026-03-15 00:32:53,711 | INFO | Epoch  47/50 | Train Loss: 0.042993 | Val Loss: 0.053392 | LR: 0.000008 | Time: 8.1s
2026-03-15 00:33:01,798 | INFO | Epoch  48/50 | Train Loss: 0.037833 | Val Loss: 0.053246 | LR: 0.000008 | Time: 8.1s
2026-03-15 00:33:09,882 | INFO | Epoch  49/50 | Train Loss: 0.047142 | Val Loss: 0.052977 | LR: 0.000008 | Time: 8.1s
2026-03-15 00:33:17,988 | INFO | Epoch  50/50 | Train Loss: 0.051723 | Val Loss: 0.053097 | LR: 0.000008 | Time: 8.1s
2026-03-15 00:33:17,991 | INFO | New best model saved with val_loss=0.053097 at epoch 50.
2026-03-15 00:33:17,991 | INFO | Training completed. Best val_loss=0.053097 at epoch 50.
2026-03-15 00:33:17,993 | INFO | Best model loaded from models/lstm/best_lstm_model.pt (epoch 50, val_loss=0.053097).
2026-03-15 00:33:17,993 | INFO | 
Evaluating on test set...
2026-03-15 00:39:55,859 | INFO | LSTM TRAINING PIPELINE
2026-03-15 00:39:55,859 | INFO | ConfigLoader(
  project=ai_replenishment_system v1.0.0
  seed=42
  lstm_hidden=64, horizon=7
  rl_lead_time=2, episode=30 days
)
2026-03-15 00:39:55,859 | INFO | Loading raw data...
2026-03-15 00:39:55,860 | INFO | DataLoader initialised — file: data/raw/retail_store_inventory.csv
2026-03-15 00:39:55,860 | INFO | Loading raw CSV...
2026-03-15 00:39:55,907 | INFO |   Loaded 73,100 rows, 15 columns
2026-03-15 00:39:55,935 | INFO |   Final shape: (73100, 15) | Stores: 5 | Products: 20 | Date range: 2022-01-01 → 2024-01-01
2026-03-15 00:39:55,943 | INFO | Found 100 unique store-product pairs.
2026-03-15 00:39:55,943 | INFO | Loaded raw data with 73100 rows and 100 unique store-product pairs.
2026-03-15 00:39:55,943 | INFO | Preprocessing data...
2026-03-15 00:39:55,943 | INFO | Preprocessor: fit_transform started
2026-03-15 00:39:56,113 | INFO |   Fitted 100 scalers
2026-03-15 00:39:56,136 | INFO |   Saved 100 scalers to models/lstm/scalers
2026-03-15 00:39:56,136 | INFO | Preprocessor: fit_transform complete
2026-03-15 00:39:56,136 | INFO | Preprocessed data. Sample after preprocessing:
(73100, 15)
2026-03-15 00:39:56,136 | INFO | Performing feature engineering...
2026-03-15 00:39:56,136 | INFO | FeatureEngineer: building features...
2026-03-15 00:39:56,167 | INFO |   ✓ Lag features added (lag_1, lag_7)
2026-03-15 00:39:56,171 | INFO |   ✓ Rolling statistics added (mean_7, std_7)
2026-03-15 00:39:56,175 | INFO |   ✓ Time features added (day_of_week sin/cos, month sin/cos)
2026-03-15 00:39:56,189 | INFO |   ✓ Categorical encoding: 17 columns created
2026-03-15 00:39:56,193 | INFO |   ✓ Dropped 700 NaN rows (from lag/rolling at series start)
2026-03-15 00:39:56,194 | INFO | FeatureEngineer: complete. Shape: (72400, 36) | Numeric features: 12 | Categorical features: 17
2026-03-15 00:39:56,194 | INFO | Featured shapes: (72400, 36)
2026-03-15 00:39:56,194 | INFO | Numeric features: 12
2026-03-15 00:39:56,194 | INFO | Categorical features: 17
2026-03-15 00:39:56,194 | INFO | 
 Building LSTM sequence
2026-03-15 00:39:56,194 | INFO | SequenceBuilder: processing 1 store-product pairs...
2026-03-15 00:39:56,305 | INFO |   train: X=(50654, 30, 30), y=(50654, 7)
2026-03-15 00:39:56,312 | INFO |   val  : X=(10855, 30, 30), y=(10855, 7)
2026-03-15 00:39:56,318 | INFO |   test : X=(10855, 30, 30), y=(10855, 7)
2026-03-15 00:39:56,323 | INFO | Train: X=(50654, 30, 30), y=(50654, 7)
2026-03-15 00:39:56,323 | INFO | Validation: X=(10855, 30, 30), y=(10855, 7)
2026-03-15 00:39:56,323 | INFO | Test: X=(10855, 30, 30), y=(10855, 7)
2026-03-15 00:39:56,323 | INFO | 
Training LSTM model...
2026-03-15 00:39:56,323 | INFO | Actual input size for LSTM: 30 (features=30)
2026-03-15 00:39:56,328 | INFO | LSTMForecastModel created: input=30, hidden=64, layers=2, horizon=1, params=57,921
2026-03-15 00:39:56,328 | INFO | 
 LSTM Model Training
2026-03-15 00:39:56,330 | INFO | LSTMTrainer initialized on device cpu.
2026-03-15 00:39:56,828 | INFO | Starting training for 50 epochs with batch size 64 and learning rate 0.001.train_samples=50654, val_samples=10855
2026-03-15 00:40:05,323 | INFO | Epoch   1/50 | Train Loss: 0.049887 | Val Loss: 0.045677 | LR: 0.001000 | Time: 8.5s
2026-03-15 00:40:13,518 | INFO | Epoch   2/50 | Train Loss: 0.050547 | Val Loss: 0.045017 | LR: 0.001000 | Time: 8.2s
2026-03-15 00:40:21,613 | INFO | Epoch   3/50 | Train Loss: 0.052698 | Val Loss: 0.044725 | LR: 0.001000 | Time: 8.1s
2026-03-15 00:40:29,743 | INFO | Epoch   4/50 | Train Loss: 0.052814 | Val Loss: 0.046970 | LR: 0.001000 | Time: 8.1s
2026-03-15 00:40:37,841 | INFO | Epoch   5/50 | Train Loss: 0.058198 | Val Loss: 0.047073 | LR: 0.001000 | Time: 8.1s
2026-03-15 00:40:45,961 | INFO | Epoch   6/50 | Train Loss: 0.050435 | Val Loss: 0.045670 | LR: 0.001000 | Time: 8.1s
2026-03-15 00:40:54,060 | INFO | Epoch   7/50 | Train Loss: 0.045526 | Val Loss: 0.046739 | LR: 0.001000 | Time: 8.1s
2026-03-15 00:41:02,168 | INFO | Epoch   8/50 | Train Loss: 0.049242 | Val Loss: 0.045512 | LR: 0.001000 | Time: 8.1s
2026-03-15 00:41:10,445 | INFO | Epoch   9/50 | Train Loss: 0.055153 | Val Loss: 0.046719 | LR: 0.000500 | Time: 8.3s
2026-03-15 00:41:18,533 | INFO | Epoch  10/50 | Train Loss: 0.044524 | Val Loss: 0.048170 | LR: 0.000500 | Time: 8.1s
2026-03-15 00:41:26,630 | INFO | Epoch  11/50 | Train Loss: 0.046940 | Val Loss: 0.049846 | LR: 0.000500 | Time: 8.1s
2026-03-15 00:41:34,675 | INFO | Epoch  12/50 | Train Loss: 0.044014 | Val Loss: 0.048561 | LR: 0.000500 | Time: 8.0s
2026-03-15 00:41:42,769 | INFO | Epoch  13/50 | Train Loss: 0.053956 | Val Loss: 0.047992 | LR: 0.000500 | Time: 8.1s
2026-03-15 00:41:50,860 | INFO | Epoch  14/50 | Train Loss: 0.047470 | Val Loss: 0.048931 | LR: 0.000500 | Time: 8.1s
2026-03-15 00:41:58,910 | INFO | Epoch  15/50 | Train Loss: 0.051668 | Val Loss: 0.050571 | LR: 0.000250 | Time: 8.1s
2026-03-15 00:42:07,011 | INFO | Epoch  16/50 | Train Loss: 0.052174 | Val Loss: 0.051271 | LR: 0.000250 | Time: 8.1s
2026-03-15 00:42:15,119 | INFO | Epoch  17/50 | Train Loss: 0.049825 | Val Loss: 0.049120 | LR: 0.000250 | Time: 8.1s
2026-03-15 00:42:23,227 | INFO | Epoch  18/50 | Train Loss: 0.045439 | Val Loss: 0.049371 | LR: 0.000250 | Time: 8.1s
2026-03-15 00:42:31,310 | INFO | Epoch  19/50 | Train Loss: 0.046407 | Val Loss: 0.048789 | LR: 0.000250 | Time: 8.1s
2026-03-15 00:42:39,434 | INFO | Epoch  20/50 | Train Loss: 0.048472 | Val Loss: 0.049042 | LR: 0.000250 | Time: 8.1s
2026-03-15 00:42:47,530 | INFO | Epoch  21/50 | Train Loss: 0.054575 | Val Loss: 0.047755 | LR: 0.000125 | Time: 8.1s
2026-03-15 00:42:55,835 | INFO | Epoch  22/50 | Train Loss: 0.045877 | Val Loss: 0.048987 | LR: 0.000125 | Time: 8.3s
2026-03-15 00:43:03,917 | INFO | Epoch  23/50 | Train Loss: 0.042180 | Val Loss: 0.049348 | LR: 0.000125 | Time: 8.1s
2026-03-15 00:43:11,985 | INFO | Epoch  24/50 | Train Loss: 0.043196 | Val Loss: 0.049282 | LR: 0.000125 | Time: 8.1s
2026-03-15 00:43:20,073 | INFO | Epoch  25/50 | Train Loss: 0.041878 | Val Loss: 0.050484 | LR: 0.000125 | Time: 8.1s
2026-03-15 00:43:28,182 | INFO | Epoch  26/50 | Train Loss: 0.051443 | Val Loss: 0.049179 | LR: 0.000125 | Time: 8.1s
2026-03-15 00:43:36,275 | INFO | Epoch  27/50 | Train Loss: 0.048034 | Val Loss: 0.049413 | LR: 0.000063 | Time: 8.1s
2026-03-15 00:43:44,372 | INFO | Epoch  28/50 | Train Loss: 0.053819 | Val Loss: 0.049929 | LR: 0.000063 | Time: 8.1s
2026-03-15 00:43:52,449 | INFO | Epoch  29/50 | Train Loss: 0.051254 | Val Loss: 0.049691 | LR: 0.000063 | Time: 8.1s
2026-03-15 00:44:00,561 | INFO | Epoch  30/50 | Train Loss: 0.050295 | Val Loss: 0.050073 | LR: 0.000063 | Time: 8.1s
2026-03-15 00:44:08,665 | INFO | Epoch  31/50 | Train Loss: 0.045517 | Val Loss: 0.050265 | LR: 0.000063 | Time: 8.1s
2026-03-15 00:44:16,777 | INFO | Epoch  32/50 | Train Loss: 0.050209 | Val Loss: 0.050711 | LR: 0.000063 | Time: 8.1s
2026-03-15 00:44:24,841 | INFO | Epoch  33/50 | Train Loss: 0.048209 | Val Loss: 0.049991 | LR: 0.000031 | Time: 8.1s
2026-03-15 00:44:32,927 | INFO | Epoch  34/50 | Train Loss: 0.052635 | Val Loss: 0.050080 | LR: 0.000031 | Time: 8.1s
2026-03-15 00:44:40,991 | INFO | Epoch  35/50 | Train Loss: 0.051522 | Val Loss: 0.050027 | LR: 0.000031 | Time: 8.1s
2026-03-15 00:44:49,054 | INFO | Epoch  36/50 | Train Loss: 0.039837 | Val Loss: 0.050932 | LR: 0.000031 | Time: 8.1s
2026-03-15 00:44:57,182 | INFO | Epoch  37/50 | Train Loss: 0.052198 | Val Loss: 0.050466 | LR: 0.000031 | Time: 8.1s
2026-03-15 00:45:05,531 | INFO | Epoch  38/50 | Train Loss: 0.047837 | Val Loss: 0.050456 | LR: 0.000031 | Time: 8.3s
2026-03-15 00:45:21,955 | INFO | Epoch  39/50 | Train Loss: 0.049808 | Val Loss: 0.051053 | LR: 0.000016 | Time: 16.4s
2026-03-15 00:45:30,099 | INFO | Epoch  40/50 | Train Loss: 0.046444 | Val Loss: 0.050771 | LR: 0.000016 | Time: 8.1s
2026-03-15 00:45:38,165 | INFO | Epoch  41/50 | Train Loss: 0.044946 | Val Loss: 0.050744 | LR: 0.000016 | Time: 8.1s
2026-03-15 00:45:46,220 | INFO | Epoch  42/50 | Train Loss: 0.037558 | Val Loss: 0.050945 | LR: 0.000016 | Time: 8.1s
2026-03-15 00:45:54,293 | INFO | Epoch  43/50 | Train Loss: 0.041454 | Val Loss: 0.050832 | LR: 0.000016 | Time: 8.1s
2026-03-15 00:46:02,387 | INFO | Epoch  44/50 | Train Loss: 0.041777 | Val Loss: 0.050626 | LR: 0.000016 | Time: 8.1s
2026-03-15 00:46:10,465 | INFO | Epoch  45/50 | Train Loss: 0.047277 | Val Loss: 0.050771 | LR: 0.000008 | Time: 8.1s
2026-03-15 00:46:18,524 | INFO | Epoch  46/50 | Train Loss: 0.037139 | Val Loss: 0.050729 | LR: 0.000008 | Time: 8.1s
2026-03-15 00:46:26,590 | INFO | Epoch  47/50 | Train Loss: 0.041614 | Val Loss: 0.050684 | LR: 0.000008 | Time: 8.1s
2026-03-15 00:46:34,654 | INFO | Epoch  48/50 | Train Loss: 0.050716 | Val Loss: 0.050848 | LR: 0.000008 | Time: 8.1s
2026-03-15 00:46:42,718 | INFO | Epoch  49/50 | Train Loss: 0.052368 | Val Loss: 0.050929 | LR: 0.000008 | Time: 8.1s
2026-03-15 00:46:50,760 | INFO | Epoch  50/50 | Train Loss: 0.042851 | Val Loss: 0.050942 | LR: 0.000008 | Time: 8.0s
2026-03-15 00:46:50,764 | INFO | New best model saved with val_loss=0.050942 at epoch 50.
2026-03-15 00:46:50,764 | INFO | Training completed. Best val_loss=0.050942 at epoch 50.
2026-03-15 00:46:50,766 | INFO | Best model loaded from models/lstm/best_lstm_model.pt (epoch 50, val_loss=0.050942).
2026-03-15 00:46:50,766 | INFO | 
Evaluating on test set...
2026-03-15 00:54:13,182 | INFO | LSTM TRAINING PIPELINE
2026-03-15 00:54:13,183 | INFO | ConfigLoader(
  project=ai_replenishment_system v1.0.0
  seed=42
  lstm_hidden=64, horizon=7
  rl_lead_time=2, episode=30 days
)
2026-03-15 00:54:13,183 | INFO | Loading raw data...
2026-03-15 00:54:13,183 | INFO | DataLoader initialised — file: data/raw/retail_store_inventory.csv
2026-03-15 00:54:13,183 | INFO | Loading raw CSV...
2026-03-15 00:54:13,228 | INFO |   Loaded 73,100 rows, 15 columns
2026-03-15 00:54:13,254 | INFO |   Final shape: (73100, 15) | Stores: 5 | Products: 20 | Date range: 2022-01-01 → 2024-01-01
2026-03-15 00:54:13,262 | INFO | Found 100 unique store-product pairs.
2026-03-15 00:54:13,262 | INFO | Loaded raw data with 73100 rows and 100 unique store-product pairs.
2026-03-15 00:54:13,262 | INFO | Preprocessing data...
2026-03-15 00:54:13,262 | INFO | Preprocessor: fit_transform started
2026-03-15 00:54:13,429 | INFO |   Fitted 100 scalers
2026-03-15 00:54:13,454 | INFO |   Saved 100 scalers to models/lstm/scalers
2026-03-15 00:54:13,454 | INFO | Preprocessor: fit_transform complete
2026-03-15 00:54:13,454 | INFO | Preprocessed data. Sample after preprocessing:
(73100, 15)
2026-03-15 00:54:13,454 | INFO | Performing feature engineering...
2026-03-15 00:54:13,454 | INFO | FeatureEngineer: building features...
2026-03-15 00:54:13,486 | INFO |   ✓ Lag features added (lag_1, lag_7)
2026-03-15 00:54:13,490 | INFO |   ✓ Rolling statistics added (mean_7, std_7)
2026-03-15 00:54:13,494 | INFO |   ✓ Time features added (day_of_week sin/cos, month sin/cos)
2026-03-15 00:54:13,506 | INFO |   ✓ Categorical encoding: 17 columns created
2026-03-15 00:54:13,511 | INFO |   ✓ Dropped 700 NaN rows (from lag/rolling at series start)
2026-03-15 00:54:13,512 | INFO | FeatureEngineer: complete. Shape: (72400, 36) | Numeric features: 12 | Categorical features: 17
2026-03-15 00:54:13,512 | INFO | Featured shapes: (72400, 36)
2026-03-15 00:54:13,512 | INFO | Numeric features: 12
2026-03-15 00:54:13,512 | INFO | Categorical features: 17
2026-03-15 00:54:13,512 | INFO | 
 Building LSTM sequence
2026-03-15 00:54:13,512 | INFO | SequenceBuilder: processing 1 store-product pairs...
2026-03-15 00:54:13,627 | INFO |   train: X=(50654, 30, 30), y=(50654, 7)
2026-03-15 00:54:13,635 | INFO |   val  : X=(10855, 30, 30), y=(10855, 7)
2026-03-15 00:54:13,642 | INFO |   test : X=(10855, 30, 30), y=(10855, 7)
2026-03-15 00:54:13,653 | INFO | Train: X=(50654, 30, 30), y=(50654, 7)
2026-03-15 00:54:13,653 | INFO | Validation: X=(10855, 30, 30), y=(10855, 7)
2026-03-15 00:54:13,653 | INFO | Test: X=(10855, 30, 30), y=(10855, 7)
2026-03-15 00:54:13,653 | INFO | 
Training LSTM model...
2026-03-15 00:54:13,653 | INFO | Actual input size for LSTM: 30 (features=30)
2026-03-15 00:54:13,659 | INFO | LSTMForecastModel created: input=30, hidden=64, layers=2, horizon=1, params=57,921
2026-03-15 00:54:13,659 | INFO | 
 LSTM Model Training
2026-03-15 00:54:37,654 | INFO | LSTM TRAINING PIPELINE
2026-03-15 00:54:37,654 | INFO | ConfigLoader(
  project=ai_replenishment_system v1.0.0
  seed=42
  lstm_hidden=64, horizon=7
  rl_lead_time=2, episode=30 days
)
2026-03-15 00:54:37,654 | INFO | Loading raw data...
2026-03-15 00:54:37,654 | INFO | DataLoader initialised — file: data/raw/retail_store_inventory.csv
2026-03-15 00:54:37,654 | INFO | Loading raw CSV...
2026-03-15 00:54:37,722 | INFO |   Loaded 73,100 rows, 15 columns
2026-03-15 00:54:37,749 | INFO |   Final shape: (73100, 15) | Stores: 5 | Products: 20 | Date range: 2022-01-01 → 2024-01-01
2026-03-15 00:54:37,755 | INFO | Found 100 unique store-product pairs.
2026-03-15 00:54:37,756 | INFO | Loaded raw data with 73100 rows and 100 unique store-product pairs.
2026-03-15 00:54:37,756 | INFO | Preprocessing data...
2026-03-15 00:54:37,756 | INFO | Preprocessor: fit_transform started
2026-03-15 00:54:37,945 | INFO |   Fitted 100 scalers
2026-03-15 00:54:37,966 | INFO |   Saved 100 scalers to models/lstm/scalers
2026-03-15 00:54:37,966 | INFO | Preprocessor: fit_transform complete
2026-03-15 00:54:37,966 | INFO | Preprocessed data. Sample after preprocessing:
(73100, 15)
2026-03-15 00:54:37,966 | INFO | Performing feature engineering...
2026-03-15 00:54:37,966 | INFO | FeatureEngineer: building features...
2026-03-15 00:54:37,998 | INFO |   ✓ Lag features added (lag_1, lag_7)
2026-03-15 00:54:38,001 | INFO |   ✓ Rolling statistics added (mean_7, std_7)
2026-03-15 00:54:38,005 | INFO |   ✓ Time features added (day_of_week sin/cos, month sin/cos)
2026-03-15 00:54:38,018 | INFO |   ✓ Categorical encoding: 17 columns created
2026-03-15 00:54:38,022 | INFO |   ✓ Dropped 700 NaN rows (from lag/rolling at series start)
2026-03-15 00:54:38,022 | INFO | FeatureEngineer: complete. Shape: (72400, 36) | Numeric features: 12 | Categorical features: 17
2026-03-15 00:54:38,022 | INFO | Featured shapes: (72400, 36)
2026-03-15 00:54:38,022 | INFO | Numeric features: 12
2026-03-15 00:54:38,022 | INFO | Categorical features: 17
2026-03-15 00:54:38,022 | INFO | 
 Building LSTM sequence
2026-03-15 00:54:38,022 | INFO | SequenceBuilder: processing 1 store-product pairs...
2026-03-15 00:54:38,137 | INFO |   train: X=(50654, 30, 30), y=(50654, 7)
2026-03-15 00:54:38,145 | INFO |   val  : X=(10855, 30, 30), y=(10855, 7)
2026-03-15 00:54:38,151 | INFO |   test : X=(10855, 30, 30), y=(10855, 7)
2026-03-15 00:54:38,156 | INFO | Train: X=(50654, 30, 30), y=(50654, 7)
2026-03-15 00:54:38,156 | INFO | Validation: X=(10855, 30, 30), y=(10855, 7)
2026-03-15 00:54:38,156 | INFO | Test: X=(10855, 30, 30), y=(10855, 7)
2026-03-15 00:54:38,156 | INFO | 
Training LSTM model...
2026-03-15 00:54:38,156 | INFO | Actual input size for LSTM: 30 (features=30)
2026-03-15 00:54:38,157 | INFO | LSTMForecastModel created: input=30, hidden=64, layers=2, horizon=1, params=57,921
2026-03-15 00:54:38,157 | INFO | 
 LSTM Model Training
2026-03-15 00:54:38,159 | INFO | LSTMTrainer initialized on device cpu.
2026-03-15 00:54:38,665 | INFO | Starting training for 30 epochs with batch size 64 and learning rate 0.001.train_samples=50654, val_samples=10855
2026-03-15 00:54:46,976 | INFO | Epoch   1/30 | Train Loss: 0.044760 | Val Loss: 0.046031 | LR: 0.001000 | Time: 8.3s
2026-03-15 00:54:55,203 | INFO | Epoch   2/30 | Train Loss: 0.048228 | Val Loss: 0.045257 | LR: 0.001000 | Time: 8.2s
2026-03-15 00:55:03,387 | INFO | Epoch   3/30 | Train Loss: 0.052067 | Val Loss: 0.045421 | LR: 0.001000 | Time: 8.2s
2026-03-15 00:55:11,543 | INFO | Epoch   4/30 | Train Loss: 0.051913 | Val Loss: 0.044577 | LR: 0.001000 | Time: 8.2s
2026-03-15 00:55:19,699 | INFO | Epoch   5/30 | Train Loss: 0.048190 | Val Loss: 0.045917 | LR: 0.001000 | Time: 8.2s
2026-03-15 00:55:27,882 | INFO | Epoch   6/30 | Train Loss: 0.062682 | Val Loss: 0.044972 | LR: 0.001000 | Time: 8.2s
2026-03-15 00:55:36,020 | INFO | Epoch   7/30 | Train Loss: 0.050959 | Val Loss: 0.045895 | LR: 0.001000 | Time: 8.1s
2026-03-15 00:55:44,181 | INFO | Epoch   8/30 | Train Loss: 0.047638 | Val Loss: 0.047015 | LR: 0.001000 | Time: 8.2s
2026-03-15 00:55:52,357 | INFO | Epoch   9/30 | Train Loss: 0.048491 | Val Loss: 0.045417 | LR: 0.001000 | Time: 8.2s
2026-03-15 00:56:00,513 | INFO | Epoch  10/30 | Train Loss: 0.047542 | Val Loss: 0.047015 | LR: 0.000500 | Time: 8.2s
2026-03-15 00:56:08,639 | INFO | Epoch  11/30 | Train Loss: 0.050658 | Val Loss: 0.054056 | LR: 0.000500 | Time: 8.1s
2026-03-15 00:56:16,779 | INFO | Epoch  12/30 | Train Loss: 0.057230 | Val Loss: 0.049843 | LR: 0.000500 | Time: 8.1s
2026-03-15 00:56:24,909 | INFO | Epoch  13/30 | Train Loss: 0.049882 | Val Loss: 0.051508 | LR: 0.000500 | Time: 8.1s
2026-03-15 00:56:33,064 | INFO | Epoch  14/30 | Train Loss: 0.050022 | Val Loss: 0.049079 | LR: 0.000500 | Time: 8.2s
2026-03-15 00:56:41,229 | INFO | Epoch  15/30 | Train Loss: 0.046829 | Val Loss: 0.054236 | LR: 0.000500 | Time: 8.2s
2026-03-15 00:56:49,360 | INFO | Epoch  16/30 | Train Loss: 0.051047 | Val Loss: 0.052277 | LR: 0.000250 | Time: 8.1s
2026-03-15 00:56:57,511 | INFO | Epoch  17/30 | Train Loss: 0.053428 | Val Loss: 0.054704 | LR: 0.000250 | Time: 8.2s
2026-03-15 00:57:05,644 | INFO | Epoch  18/30 | Train Loss: 0.052680 | Val Loss: 0.054698 | LR: 0.000250 | Time: 8.1s
2026-03-15 00:57:13,884 | INFO | Epoch  19/30 | Train Loss: 0.043887 | Val Loss: 0.054714 | LR: 0.000250 | Time: 8.2s
2026-03-15 00:57:21,998 | INFO | Epoch  20/30 | Train Loss: 0.051399 | Val Loss: 0.053148 | LR: 0.000250 | Time: 8.1s
2026-03-15 00:57:30,157 | INFO | Epoch  21/30 | Train Loss: 0.044384 | Val Loss: 0.053419 | LR: 0.000250 | Time: 8.2s
2026-03-15 00:57:38,306 | INFO | Epoch  22/30 | Train Loss: 0.040058 | Val Loss: 0.051678 | LR: 0.000125 | Time: 8.1s
2026-03-15 00:57:46,455 | INFO | Epoch  23/30 | Train Loss: 0.045977 | Val Loss: 0.051476 | LR: 0.000125 | Time: 8.1s
2026-03-15 00:57:54,570 | INFO | Epoch  24/30 | Train Loss: 0.041826 | Val Loss: 0.051636 | LR: 0.000125 | Time: 8.1s
2026-03-15 00:58:02,704 | INFO | Epoch  25/30 | Train Loss: 0.039527 | Val Loss: 0.052503 | LR: 0.000125 | Time: 8.1s
2026-03-15 00:58:10,872 | INFO | Epoch  26/30 | Train Loss: 0.041273 | Val Loss: 0.052710 | LR: 0.000125 | Time: 8.2s
2026-03-15 00:58:19,039 | INFO | Epoch  27/30 | Train Loss: 0.044598 | Val Loss: 0.050211 | LR: 0.000125 | Time: 8.2s
2026-03-15 00:58:27,165 | INFO | Epoch  28/30 | Train Loss: 0.050132 | Val Loss: 0.051150 | LR: 0.000063 | Time: 8.1s
2026-03-15 00:58:35,287 | INFO | Epoch  29/30 | Train Loss: 0.049648 | Val Loss: 0.050812 | LR: 0.000063 | Time: 8.1s
2026-03-15 00:58:43,409 | INFO | Epoch  30/30 | Train Loss: 0.049059 | Val Loss: 0.050369 | LR: 0.000063 | Time: 8.1s
2026-03-15 00:58:43,413 | INFO | New best model saved with val_loss=0.050369 at epoch 30.
2026-03-15 00:58:43,413 | INFO | Training completed. Best val_loss=0.050369 at epoch 30.
2026-03-15 00:58:43,415 | INFO | Best model loaded from models/lstm/best_lstm_model.pt (epoch 30, val_loss=0.050369).
2026-03-15 00:58:43,415 | INFO | 
Evaluating on test set...
2026-03-15 01:09:31,889 | INFO | LSTM TRAINING PIPELINE
2026-03-15 01:09:31,889 | INFO | ConfigLoader(
  project=ai_replenishment_system v1.0.0
  seed=42
  lstm_hidden=64, horizon=7
  rl_lead_time=2, episode=30 days
)
2026-03-15 01:09:31,889 | INFO | Loading raw data...
2026-03-15 01:09:31,889 | INFO | DataLoader initialised — file: data/raw/retail_store_inventory.csv
2026-03-15 01:09:31,889 | INFO | Loading raw CSV...
2026-03-15 01:09:31,936 | INFO |   Loaded 73,100 rows, 15 columns
2026-03-15 01:09:31,971 | INFO |   Final shape: (73100, 15) | Stores: 5 | Products: 20 | Date range: 2022-01-01 → 2024-01-01
2026-03-15 01:09:31,979 | INFO | Found 100 unique store-product pairs.
2026-03-15 01:09:31,979 | INFO | Loaded raw data with 73100 rows and 100 unique store-product pairs.
2026-03-15 01:09:31,979 | INFO | Preprocessing data...
2026-03-15 01:09:31,979 | INFO | Preprocessor: fit_transform started
2026-03-15 01:09:32,147 | INFO |   Fitted 100 scalers
2026-03-15 01:09:32,168 | INFO |   Saved 100 scalers to models/lstm/scalers
2026-03-15 01:09:32,168 | INFO | Preprocessor: fit_transform complete
2026-03-15 01:09:32,168 | INFO | Preprocessed data. Sample after preprocessing:
(73100, 15)
2026-03-15 01:09:32,168 | INFO | Performing feature engineering...
2026-03-15 01:09:32,168 | INFO | FeatureEngineer: building features...
2026-03-15 01:09:32,197 | INFO |   ✓ Lag features added (lag_1, lag_7)
2026-03-15 01:09:32,201 | INFO |   ✓ Rolling statistics added (mean_7, std_7)
2026-03-15 01:09:32,205 | INFO |   ✓ Time features added (day_of_week sin/cos, month sin/cos)
2026-03-15 01:09:32,217 | INFO |   ✓ Categorical encoding: 17 columns created
2026-03-15 01:09:32,221 | INFO |   ✓ Dropped 700 NaN rows (from lag/rolling at series start)
2026-03-15 01:09:32,222 | INFO | FeatureEngineer: complete. Shape: (72400, 36) | Numeric features: 12 | Categorical features: 17
2026-03-15 01:09:32,222 | INFO | Featured shapes: (72400, 36)
2026-03-15 01:09:32,222 | INFO | Numeric features: 12
2026-03-15 01:09:32,222 | INFO | Categorical features: 17
2026-03-15 01:09:32,222 | INFO | 
 Building LSTM sequence
2026-03-15 01:09:32,222 | INFO | SequenceBuilder: processing 1 store-product pairs...
2026-03-15 01:09:32,333 | INFO |   train: X=(50654, 30, 30), y=(50654, 7)
2026-03-15 01:09:32,343 | INFO |   val  : X=(10855, 30, 30), y=(10855, 7)
2026-03-15 01:09:32,351 | INFO |   test : X=(10855, 30, 30), y=(10855, 7)
2026-03-15 01:09:32,358 | INFO | Train: X=(50654, 30, 30), y=(50654, 7)
2026-03-15 01:09:32,358 | INFO | Validation: X=(10855, 30, 30), y=(10855, 7)
2026-03-15 01:09:32,358 | INFO | Test: X=(10855, 30, 30), y=(10855, 7)
2026-03-15 01:09:32,358 | INFO | 
Training LSTM model...
2026-03-15 01:09:32,358 | INFO | Actual input size for LSTM: 30 (features=30)
2026-03-15 01:09:32,366 | INFO | LSTMForecastModel created: input=30, hidden=64, layers=2, horizon=7, params=58,311
2026-03-15 01:09:32,366 | INFO | 
 LSTM Model Training
2026-03-15 01:09:32,368 | INFO | LSTMTrainer initialized on device cpu.
2026-03-15 01:09:32,973 | INFO | Starting training for 30 epochs with batch size 64 and learning rate 0.001.train_samples=50654, val_samples=10855
2026-03-15 01:09:41,615 | INFO | Epoch   1/30 | Train Loss: 0.053478 | Val Loss: 0.043968 | LR: 0.001000 | Time: 8.6s
2026-03-15 01:09:49,830 | INFO | Epoch   2/30 | Train Loss: 0.057510 | Val Loss: 0.044987 | LR: 0.001000 | Time: 8.2s
2026-03-15 01:09:58,024 | INFO | Epoch   3/30 | Train Loss: 0.055682 | Val Loss: 0.044548 | LR: 0.001000 | Time: 8.2s
2026-03-15 01:10:06,279 | INFO | Epoch   4/30 | Train Loss: 0.053337 | Val Loss: 0.046525 | LR: 0.001000 | Time: 8.3s
2026-03-15 01:10:14,484 | INFO | Epoch   5/30 | Train Loss: 0.053953 | Val Loss: 0.046392 | LR: 0.001000 | Time: 8.2s
2026-03-15 01:10:22,733 | INFO | Epoch   6/30 | Train Loss: 0.057199 | Val Loss: 0.045416 | LR: 0.001000 | Time: 8.2s
2026-03-15 01:10:30,885 | INFO | Epoch   7/30 | Train Loss: 0.055324 | Val Loss: 0.044981 | LR: 0.000500 | Time: 8.2s
2026-03-15 01:10:39,046 | INFO | Epoch   8/30 | Train Loss: 0.049362 | Val Loss: 0.045225 | LR: 0.000500 | Time: 8.2s
2026-03-15 01:10:47,218 | INFO | Epoch   9/30 | Train Loss: 0.049944 | Val Loss: 0.046071 | LR: 0.000500 | Time: 8.2s
2026-03-15 01:10:55,411 | INFO | Epoch  10/30 | Train Loss: 0.055001 | Val Loss: 0.045541 | LR: 0.000500 | Time: 8.2s
2026-03-15 01:11:03,567 | INFO | Epoch  11/30 | Train Loss: 0.050454 | Val Loss: 0.048596 | LR: 0.000500 | Time: 8.2s
2026-03-15 01:11:11,755 | INFO | Epoch  12/30 | Train Loss: 0.049970 | Val Loss: 0.048359 | LR: 0.000500 | Time: 8.2s
2026-03-15 01:11:19,892 | INFO | Epoch  13/30 | Train Loss: 0.049695 | Val Loss: 0.054047 | LR: 0.000250 | Time: 8.1s
2026-03-15 01:11:28,033 | INFO | Epoch  14/30 | Train Loss: 0.048655 | Val Loss: 0.052995 | LR: 0.000250 | Time: 8.1s
2026-03-15 01:11:36,184 | INFO | Epoch  15/30 | Train Loss: 0.042758 | Val Loss: 0.056711 | LR: 0.000250 | Time: 8.2s
2026-03-15 01:11:44,318 | INFO | Epoch  16/30 | Train Loss: 0.044405 | Val Loss: 0.057115 | LR: 0.000250 | Time: 8.1s
2026-03-15 01:11:52,446 | INFO | Epoch  17/30 | Train Loss: 0.051600 | Val Loss: 0.061396 | LR: 0.000250 | Time: 8.1s
2026-03-15 01:12:00,596 | INFO | Epoch  18/30 | Train Loss: 0.055326 | Val Loss: 0.064856 | LR: 0.000250 | Time: 8.1s
2026-03-15 01:12:08,769 | INFO | Epoch  19/30 | Train Loss: 0.051612 | Val Loss: 0.066583 | LR: 0.000125 | Time: 8.2s
2026-03-15 01:12:16,911 | INFO | Epoch  20/30 | Train Loss: 0.042265 | Val Loss: 0.065540 | LR: 0.000125 | Time: 8.1s
2026-03-15 01:12:25,041 | INFO | Epoch  21/30 | Train Loss: 0.048893 | Val Loss: 0.067980 | LR: 0.000125 | Time: 8.1s
2026-03-15 01:12:33,162 | INFO | Epoch  22/30 | Train Loss: 0.042570 | Val Loss: 0.067662 | LR: 0.000125 | Time: 8.1s
2026-03-15 01:12:41,301 | INFO | Epoch  23/30 | Train Loss: 0.048464 | Val Loss: 0.069025 | LR: 0.000125 | Time: 8.1s
2026-03-15 01:12:49,439 | INFO | Epoch  24/30 | Train Loss: 0.050059 | Val Loss: 0.068483 | LR: 0.000125 | Time: 8.1s
2026-03-15 01:12:57,575 | INFO | Epoch  25/30 | Train Loss: 0.050426 | Val Loss: 0.070021 | LR: 0.000063 | Time: 8.1s
2026-03-15 01:13:05,703 | INFO | Epoch  26/30 | Train Loss: 0.042216 | Val Loss: 0.070671 | LR: 0.000063 | Time: 8.1s
2026-03-15 01:13:13,840 | INFO | Epoch  27/30 | Train Loss: 0.048636 | Val Loss: 0.069691 | LR: 0.000063 | Time: 8.1s
2026-03-15 01:13:21,979 | INFO | Epoch  28/30 | Train Loss: 0.044221 | Val Loss: 0.070302 | LR: 0.000063 | Time: 8.1s
2026-03-15 01:13:30,125 | INFO | Epoch  29/30 | Train Loss: 0.036600 | Val Loss: 0.069013 | LR: 0.000063 | Time: 8.1s
2026-03-15 01:13:38,259 | INFO | Epoch  30/30 | Train Loss: 0.044134 | Val Loss: 0.069486 | LR: 0.000063 | Time: 8.1s
2026-03-15 01:13:38,263 | INFO | New best model saved with val_loss=0.069486 at epoch 30.
2026-03-15 01:13:38,263 | INFO | Training completed. Best val_loss=0.069486 at epoch 30.
2026-03-15 01:13:38,265 | INFO | Best model loaded from models/lstm/best_lstm_model.pt (epoch 30, val_loss=0.069486).
2026-03-15 01:13:38,265 | INFO | 
Evaluating on test set...
2026-03-15 01:13:38,999 | INFO | Forecast metrics — MAE: 0.1955 | RMSE: 0.2416 | MAPE: 13051842.00% | SMAPE: 73.70%
2026-03-15 01:13:38,999 | INFO | 
LSTM training and evaluation complete.
2026-03-15 01:13:38,999 | INFO | Test Metrics Results
2026-03-15 01:14:36,576 | INFO | LSTM TRAINING PIPELINE
2026-03-15 01:14:36,577 | INFO | ConfigLoader(
  project=ai_replenishment_system v1.0.0
  seed=42
  lstm_hidden=64, horizon=7
  rl_lead_time=2, episode=30 days
)
2026-03-15 01:14:36,577 | INFO | Loading raw data...
2026-03-15 01:14:36,577 | INFO | DataLoader initialised — file: data/raw/retail_store_inventory.csv
2026-03-15 01:14:36,577 | INFO | Loading raw CSV...
2026-03-15 01:14:36,621 | INFO |   Loaded 73,100 rows, 15 columns
2026-03-15 01:14:36,649 | INFO |   Final shape: (73100, 15) | Stores: 5 | Products: 20 | Date range: 2022-01-01 → 2024-01-01
2026-03-15 01:14:36,657 | INFO | Found 100 unique store-product pairs.
2026-03-15 01:14:36,657 | INFO | Loaded raw data with 73100 rows and 100 unique store-product pairs.
2026-03-15 01:14:36,657 | INFO | Preprocessing data...
2026-03-15 01:14:36,657 | INFO | Preprocessor: fit_transform started
2026-03-15 01:14:36,829 | INFO |   Fitted 100 scalers
2026-03-15 01:14:36,850 | INFO |   Saved 100 scalers to models/lstm/scalers
2026-03-15 01:14:36,850 | INFO | Preprocessor: fit_transform complete
2026-03-15 01:14:36,850 | INFO | Preprocessed data. Sample after preprocessing:
(73100, 15)
2026-03-15 01:14:36,850 | INFO | Performing feature engineering...
2026-03-15 01:14:36,850 | INFO | FeatureEngineer: building features...
2026-03-15 01:14:36,881 | INFO |   ✓ Lag features added (lag_1, lag_7)
2026-03-15 01:14:36,885 | INFO |   ✓ Rolling statistics added (mean_7, std_7)
2026-03-15 01:14:36,889 | INFO |   ✓ Time features added (day_of_week sin/cos, month sin/cos)
2026-03-15 01:14:36,901 | INFO |   ✓ Categorical encoding: 17 columns created
2026-03-15 01:14:36,905 | INFO |   ✓ Dropped 700 NaN rows (from lag/rolling at series start)
2026-03-15 01:14:36,906 | INFO | FeatureEngineer: complete. Shape: (72400, 36) | Numeric features: 12 | Categorical features: 17
2026-03-15 01:14:36,906 | INFO | Featured shapes: (72400, 36)
2026-03-15 01:14:36,906 | INFO | Numeric features: 12
2026-03-15 01:14:36,906 | INFO | Categorical features: 17
2026-03-15 01:14:36,906 | INFO | 
 Building LSTM sequence
2026-03-15 01:14:36,906 | INFO | SequenceBuilder: processing 1 store-product pairs...
2026-03-15 01:14:37,018 | INFO |   train: X=(50654, 30, 30), y=(50654, 7)
2026-03-15 01:14:37,024 | INFO |   val  : X=(10855, 30, 30), y=(10855, 7)
2026-03-15 01:14:37,031 | INFO |   test : X=(10855, 30, 30), y=(10855, 7)
2026-03-15 01:14:37,041 | INFO | Train: X=(50654, 30, 30), y=(50654, 7)
2026-03-15 01:14:37,041 | INFO | Validation: X=(10855, 30, 30), y=(10855, 7)
2026-03-15 01:14:37,041 | INFO | Test: X=(10855, 30, 30), y=(10855, 7)
2026-03-15 01:14:37,041 | INFO | 
Training LSTM model...
2026-03-15 01:14:37,041 | INFO | Actual input size for LSTM: 30 (features=30)
2026-03-15 01:14:37,042 | INFO | LSTMForecastModel created: input=30, hidden=64, layers=2, horizon=7, params=58,311
2026-03-15 01:14:37,042 | INFO | 
 LSTM Model Training
2026-03-15 01:14:37,043 | INFO | LSTMTrainer initialized on device cpu.
2026-03-15 01:14:37,510 | INFO | Starting training for 30 epochs with batch size 64 and learning rate 0.001.train_samples=50654, val_samples=10855
2026-03-15 01:14:45,899 | INFO | Epoch   1/30 | Train Loss: 0.054505 | Val Loss: 0.045287 | LR: 0.001000 | Time: 8.4s
2026-03-15 01:14:54,170 | INFO | Epoch   2/30 | Train Loss: 0.049309 | Val Loss: 0.044562 | LR: 0.001000 | Time: 8.3s
2026-03-15 01:15:02,372 | INFO | Epoch   3/30 | Train Loss: 0.057199 | Val Loss: 0.045487 | LR: 0.001000 | Time: 8.2s
2026-03-15 01:15:10,552 | INFO | Epoch   4/30 | Train Loss: 0.058379 | Val Loss: 0.044554 | LR: 0.001000 | Time: 8.2s
2026-03-15 01:15:18,742 | INFO | Epoch   5/30 | Train Loss: 0.049002 | Val Loss: 0.046203 | LR: 0.001000 | Time: 8.2s
2026-03-15 01:15:26,901 | INFO | Epoch   6/30 | Train Loss: 0.053752 | Val Loss: 0.045807 | LR: 0.001000 | Time: 8.2s
2026-03-15 01:15:35,233 | INFO | Epoch   7/30 | Train Loss: 0.047285 | Val Loss: 0.046712 | LR: 0.001000 | Time: 8.3s
2026-03-15 01:15:43,410 | INFO | Epoch   8/30 | Train Loss: 0.055930 | Val Loss: 0.049578 | LR: 0.001000 | Time: 8.2s
2026-03-15 01:15:51,599 | INFO | Epoch   9/30 | Train Loss: 0.057981 | Val Loss: 0.045388 | LR: 0.001000 | Time: 8.2s
2026-03-15 01:15:59,753 | INFO | Epoch  10/30 | Train Loss: 0.053050 | Val Loss: 0.048927 | LR: 0.000500 | Time: 8.2s
2026-03-15 01:16:07,911 | INFO | Epoch  11/30 | Train Loss: 0.047913 | Val Loss: 0.051467 | LR: 0.000500 | Time: 8.2s
2026-03-15 01:16:16,050 | INFO | Epoch  12/30 | Train Loss: 0.037298 | Val Loss: 0.051727 | LR: 0.000500 | Time: 8.1s
2026-03-15 01:16:24,191 | INFO | Epoch  13/30 | Train Loss: 0.047639 | Val Loss: 0.055279 | LR: 0.000500 | Time: 8.1s
2026-03-15 01:16:32,346 | INFO | Epoch  14/30 | Train Loss: 0.050913 | Val Loss: 0.056157 | LR: 0.000500 | Time: 8.2s
2026-03-15 01:16:40,480 | INFO | Epoch  15/30 | Train Loss: 0.042488 | Val Loss: 0.054743 | LR: 0.000500 | Time: 8.1s
2026-03-15 01:16:48,654 | INFO | Epoch  16/30 | Train Loss: 0.050970 | Val Loss: 0.056873 | LR: 0.000250 | Time: 8.2s
2026-03-15 01:16:56,793 | INFO | Epoch  17/30 | Train Loss: 0.038956 | Val Loss: 0.057591 | LR: 0.000250 | Time: 8.1s
2026-03-15 01:17:04,922 | INFO | Epoch  18/30 | Train Loss: 0.039714 | Val Loss: 0.058860 | LR: 0.000250 | Time: 8.1s
2026-03-15 01:17:13,079 | INFO | Epoch  19/30 | Train Loss: 0.042482 | Val Loss: 0.061351 | LR: 0.000250 | Time: 8.2s
2026-03-15 01:17:21,212 | INFO | Epoch  20/30 | Train Loss: 0.046357 | Val Loss: 0.060233 | LR: 0.000250 | Time: 8.1s
2026-03-15 01:17:29,355 | INFO | Epoch  21/30 | Train Loss: 0.048173 | Val Loss: 0.061418 | LR: 0.000250 | Time: 8.1s
2026-03-15 01:17:37,548 | INFO | Epoch  22/30 | Train Loss: 0.036393 | Val Loss: 0.059608 | LR: 0.000125 | Time: 8.2s
2026-03-15 01:17:45,691 | INFO | Epoch  23/30 | Train Loss: 0.039264 | Val Loss: 0.061702 | LR: 0.000125 | Time: 8.1s
2026-03-15 01:17:53,837 | INFO | Epoch  24/30 | Train Loss: 0.039850 | Val Loss: 0.062407 | LR: 0.000125 | Time: 8.1s
2026-03-15 01:18:01,976 | INFO | Epoch  25/30 | Train Loss: 0.041718 | Val Loss: 0.063702 | LR: 0.000125 | Time: 8.1s
2026-03-15 01:18:10,120 | INFO | Epoch  26/30 | Train Loss: 0.040519 | Val Loss: 0.061940 | LR: 0.000125 | Time: 8.1s
2026-03-15 01:18:18,262 | INFO | Epoch  27/30 | Train Loss: 0.037147 | Val Loss: 0.062055 | LR: 0.000125 | Time: 8.1s
2026-03-15 01:18:26,398 | INFO | Epoch  28/30 | Train Loss: 0.054924 | Val Loss: 0.062524 | LR: 0.000063 | Time: 8.1s
2026-03-15 01:18:34,541 | INFO | Epoch  29/30 | Train Loss: 0.041577 | Val Loss: 0.064990 | LR: 0.000063 | Time: 8.1s
2026-03-15 01:18:42,672 | INFO | Epoch  30/30 | Train Loss: 0.046590 | Val Loss: 0.064116 | LR: 0.000063 | Time: 8.1s
2026-03-15 01:18:42,675 | INFO | New best model saved with val_loss=0.064116 at epoch 30.
2026-03-15 01:18:42,675 | INFO | Training completed. Best val_loss=0.064116 at epoch 30.
2026-03-15 01:18:42,676 | INFO | Best model loaded from models/lstm/best_lstm_model.pt (epoch 30, val_loss=0.064116).
2026-03-15 01:18:42,677 | INFO | 
Evaluating on test set...
2026-03-15 01:18:43,385 | INFO | Forecast metrics — MAE: 0.1983 | RMSE: 0.2476 | MAPE: 13377281.00% | SMAPE: 74.24%
2026-03-15 01:18:43,385 | INFO | 
LSTM training and evaluation complete.
2026-03-15 01:18:43,385 | INFO | Test Metrics Results
2026-03-15 01:18:43,385 | INFO |   MAE: 0.1983 (scaled units)
2026-03-15 01:18:43,385 | INFO |   RMSE: 0.2476 (scaled units)
2026-03-15 01:18:43,385 | INFO |   MAPE: 13377281.00%
2026-03-15 01:18:43,385 | INFO |   sMAPE: 74.24%
2026-03-15 01:18:43,736 | INFO | 
Per-day forecast accuracy:
2026-03-15 01:18:43,736 | INFO |   Day 1: MAE=0.2003, RMSE=0.2508
2026-03-15 01:18:43,737 | INFO |   Day 2: MAE=0.1992, RMSE=0.2487
2026-03-15 01:18:43,737 | INFO |   Day 3: MAE=0.1988, RMSE=0.2487
2026-03-15 01:18:43,737 | INFO |   Day 4: MAE=0.1981, RMSE=0.2480
2026-03-15 01:18:43,737 | INFO |   Day 5: MAE=0.1977, RMSE=0.2474
2026-03-15 01:18:43,737 | INFO |   Day 6: MAE=0.1977, RMSE=0.2463
2026-03-15 01:18:43,737 | INFO |   Day 7: MAE=0.1959, RMSE=0.2431
2026-03-15 01:18:43,737 | INFO | 
Training Complete.
2026-03-15 01:18:43,737 | INFO | Model saved to: models/lstm/best_model.pt
2026-03-15 01:18:43,737 | INFO | Scalers saved to models/lstm/scalers
2026-03-15 01:18:43,737 | INFO | Training ran for 30 epochs with best validation loss 0.0641
2026-03-18 16:56:11,575 | INFO | LSTM TRAINING PIPELINE
2026-03-18 16:56:11,575 | INFO | ConfigLoader(
  project=ai_replenishment_system v1.0.0
  seed=42
  lstm_hidden=64, horizon=7
  rl_lead_time=2, episode=30 days
)
2026-03-18 16:56:11,575 | INFO | Loading raw data...
2026-03-18 16:56:11,577 | INFO | DataLoader initialised — file: data/raw/retail_store_inventory.csv
2026-03-18 16:56:11,577 | INFO | Loading raw CSV...
2026-03-18 16:56:11,639 | INFO |   Loaded 73,100 rows, 15 columns
2026-03-18 16:56:11,663 | INFO |   Final shape: (73100, 15) | Stores: 5 | Products: 20 | Date range: 2022-01-01 → 2024-01-01
2026-03-18 16:56:11,671 | INFO | Found 100 unique store-product pairs.
2026-03-18 16:56:11,671 | INFO | Loaded raw data with 73100 rows and 100 unique store-product pairs.
2026-03-18 16:56:11,671 | INFO | Preprocessing data...
2026-03-18 16:56:11,674 | INFO | Preprocessor: fit_transform started
2026-03-18 16:56:11,971 | INFO |   Fitted 100 scalers
2026-03-18 16:56:12,234 | INFO |   Saved 100 scalers to models/lstm/scalers
2026-03-18 16:56:12,235 | INFO | Preprocessor: fit_transform complete
2026-03-18 16:56:12,235 | INFO | Preprocessed data. Sample after preprocessing:
(73100, 15)
2026-03-18 16:56:12,235 | INFO | Performing feature engineering...
2026-03-18 16:56:12,235 | INFO | FeatureEngineer: building features...
2026-03-18 16:56:12,284 | INFO |   ✓ Lag features added (lag_1, lag_7)
2026-03-18 16:56:12,348 | INFO |   ✓ Rolling statistics added (mean_7, std_7)
2026-03-18 16:56:12,355 | INFO |   ✓ Time features added (day_of_week sin/cos, month sin/cos)
2026-03-18 16:56:12,369 | INFO |   ✓ Categorical encoding: 17 columns created
2026-03-18 16:56:12,375 | INFO |   ✓ Dropped 700 NaN rows (from lag/rolling at series start)
2026-03-18 16:56:12,375 | INFO | FeatureEngineer: complete. Shape: (72400, 38) | Numeric features: 12 | Categorical features: 17
2026-03-18 16:56:12,375 | INFO | Featured shapes: (72400, 38)
2026-03-18 16:56:12,375 | INFO | Numeric features: 12
2026-03-18 16:56:12,375 | INFO | Categorical features: 17
2026-03-18 16:56:12,375 | INFO | 
 Building LSTM sequence
2026-03-18 16:56:12,385 | INFO | SequenceBuilder: processing 100 store-product pairs...
2026-03-18 16:56:12,556 | INFO |   train: X=(48100, 30, 30), y=(48100, 7)
2026-03-18 16:56:12,560 | INFO |   val  : X=(10300, 30, 30), y=(10300, 7)
2026-03-18 16:56:12,564 | INFO |   test : X=(10400, 30, 30), y=(10400, 7)
2026-03-18 16:56:12,571 | INFO | Train: X=(48100, 30, 30), y=(48100, 7)
2026-03-18 16:56:12,571 | INFO | Validation: X=(10300, 30, 30), y=(10300, 7)
2026-03-18 16:56:12,571 | INFO | Test: X=(10400, 30, 30), y=(10400, 7)
2026-03-18 16:56:12,571 | INFO | 
Training LSTM model...
2026-03-18 16:56:12,571 | INFO | Actual input size for LSTM: 30 (features=30)
2026-03-18 16:56:12,576 | INFO | LSTMForecastModel created: input=30, hidden=64, layers=2, horizon=7, params=58,311
2026-03-18 16:56:12,576 | INFO | 
 LSTM Model Training
2026-03-18 16:56:12,799 | INFO | LSTMTrainer initialized on device cuda.
2026-03-18 16:56:15,856 | INFO | Starting training for 30 epochs with batch size 64 and learning rate 0.001.train_samples=48100, val_samples=10300
2026-03-18 16:56:17,163 | INFO | Epoch   1/30 | Train Loss: 0.051937 | Val Loss: 0.052184 | LR: 0.001000 | Time: 1.3s
2026-03-18 16:56:18,469 | INFO | Epoch   2/30 | Train Loss: 0.056223 | Val Loss: 0.051812 | LR: 0.001000 | Time: 1.3s
2026-03-18 16:56:19,650 | INFO | Epoch   3/30 | Train Loss: 0.057686 | Val Loss: 0.051741 | LR: 0.001000 | Time: 1.2s
2026-03-18 16:56:20,844 | INFO | Epoch   4/30 | Train Loss: 0.053297 | Val Loss: 0.051888 | LR: 0.001000 | Time: 1.2s
2026-03-18 16:56:22,021 | INFO | Epoch   5/30 | Train Loss: 0.056226 | Val Loss: 0.052123 | LR: 0.001000 | Time: 1.2s
2026-03-18 16:56:23,161 | INFO | Epoch   6/30 | Train Loss: 0.047468 | Val Loss: 0.051974 | LR: 0.001000 | Time: 1.1s
2026-03-18 16:56:24,310 | INFO | Epoch   7/30 | Train Loss: 0.050687 | Val Loss: 0.052068 | LR: 0.001000 | Time: 1.1s
2026-03-18 16:56:25,443 | INFO | Epoch   8/30 | Train Loss: 0.054319 | Val Loss: 0.053652 | LR: 0.001000 | Time: 1.1s
2026-03-18 16:56:26,576 | INFO | Epoch   9/30 | Train Loss: 0.059594 | Val Loss: 0.054455 | LR: 0.000500 | Time: 1.1s
2026-03-18 16:56:27,836 | INFO | Epoch  10/30 | Train Loss: 0.048244 | Val Loss: 0.054297 | LR: 0.000500 | Time: 1.3s
2026-03-18 16:56:28,969 | INFO | Epoch  11/30 | Train Loss: 0.056615 | Val Loss: 0.054001 | LR: 0.000500 | Time: 1.1s
2026-03-18 16:56:30,099 | INFO | Epoch  12/30 | Train Loss: 0.052998 | Val Loss: 0.055906 | LR: 0.000500 | Time: 1.1s
2026-03-18 16:56:31,236 | INFO | Epoch  13/30 | Train Loss: 0.045727 | Val Loss: 0.056494 | LR: 0.000500 | Time: 1.1s
2026-03-18 16:56:32,386 | INFO | Epoch  14/30 | Train Loss: 0.051593 | Val Loss: 0.062641 | LR: 0.000500 | Time: 1.1s
2026-03-18 16:56:33,537 | INFO | Epoch  15/30 | Train Loss: 0.047729 | Val Loss: 0.059930 | LR: 0.000250 | Time: 1.2s
2026-03-18 16:56:34,688 | INFO | Epoch  16/30 | Train Loss: 0.055923 | Val Loss: 0.067426 | LR: 0.000250 | Time: 1.1s
2026-03-18 16:56:35,841 | INFO | Epoch  17/30 | Train Loss: 0.042077 | Val Loss: 0.067888 | LR: 0.000250 | Time: 1.2s
2026-03-18 16:56:36,992 | INFO | Epoch  18/30 | Train Loss: 0.052828 | Val Loss: 0.068474 | LR: 0.000250 | Time: 1.2s
2026-03-18 16:56:38,143 | INFO | Epoch  19/30 | Train Loss: 0.053038 | Val Loss: 0.070918 | LR: 0.000250 | Time: 1.2s
2026-03-18 16:56:39,293 | INFO | Epoch  20/30 | Train Loss: 0.045141 | Val Loss: 0.071911 | LR: 0.000250 | Time: 1.1s
2026-03-18 16:56:40,444 | INFO | Epoch  21/30 | Train Loss: 0.043594 | Val Loss: 0.072983 | LR: 0.000125 | Time: 1.2s
2026-03-18 16:56:41,586 | INFO | Epoch  22/30 | Train Loss: 0.045275 | Val Loss: 0.074231 | LR: 0.000125 | Time: 1.1s
2026-03-18 16:56:42,717 | INFO | Epoch  23/30 | Train Loss: 0.042882 | Val Loss: 0.075233 | LR: 0.000125 | Time: 1.1s
2026-03-18 16:56:43,850 | INFO | Epoch  24/30 | Train Loss: 0.049280 | Val Loss: 0.074857 | LR: 0.000125 | Time: 1.1s
2026-03-18 16:56:44,982 | INFO | Epoch  25/30 | Train Loss: 0.037203 | Val Loss: 0.076157 | LR: 0.000125 | Time: 1.1s
2026-03-18 16:56:46,122 | INFO | Epoch  26/30 | Train Loss: 0.054270 | Val Loss: 0.076071 | LR: 0.000125 | Time: 1.1s
2026-03-18 16:56:47,271 | INFO | Epoch  27/30 | Train Loss: 0.042501 | Val Loss: 0.077621 | LR: 0.000063 | Time: 1.1s
2026-03-18 16:56:48,420 | INFO | Epoch  28/30 | Train Loss: 0.045054 | Val Loss: 0.075755 | LR: 0.000063 | Time: 1.1s
2026-03-18 16:56:49,566 | INFO | Epoch  29/30 | Train Loss: 0.040949 | Val Loss: 0.075171 | LR: 0.000063 | Time: 1.1s
2026-03-18 16:56:50,693 | INFO | Epoch  30/30 | Train Loss: 0.041383 | Val Loss: 0.077084 | LR: 0.000063 | Time: 1.1s
2026-03-18 16:56:50,719 | INFO | New best model saved with val_loss=0.077084 at epoch 30.
2026-03-18 16:56:50,719 | INFO | Training completed. Best val_loss=0.077084 at epoch 30.
2026-03-18 16:56:50,724 | INFO | Best model loaded from models/lstm/best_lstm_model.pt (epoch 30, val_loss=0.077084).
2026-03-18 16:56:50,724 | INFO | 
Evaluating on test set...
2026-03-18 16:56:50,790 | INFO | Forecast metrics — MAE: 0.2024 | RMSE: 0.2548 
2026-03-18 16:56:50,790 | INFO | 
LSTM training and evaluation complete.
2026-03-18 16:56:50,790 | INFO | Test Metrics Results
2026-03-18 16:56:50,790 | INFO |   MAE: 0.2024 (scaled units)
2026-03-18 16:56:50,790 | INFO |   RMSE: 0.2548 (scaled units)
2026-03-18 16:56:50,796 | INFO | 
Per-day forecast accuracy:
2026-03-18 16:56:50,796 | INFO |   Day 1: MAE=0.2064, RMSE=0.2604
2026-03-18 16:56:50,796 | INFO |   Day 2: MAE=0.2038, RMSE=0.2571
2026-03-18 16:56:50,796 | INFO |   Day 3: MAE=0.2028, RMSE=0.2562
2026-03-18 16:56:50,797 | INFO |   Day 4: MAE=0.2022, RMSE=0.2554
2026-03-18 16:56:50,797 | INFO |   Day 5: MAE=0.2022, RMSE=0.2547
2026-03-18 16:56:50,797 | INFO |   Day 6: MAE=0.2010, RMSE=0.2522
2026-03-18 16:56:50,797 | INFO |   Day 7: MAE=0.1981, RMSE=0.2475
2026-03-18 16:56:50,797 | INFO | 
Training Complete.
2026-03-18 16:56:50,797 | INFO | Model saved to: models/lstm/best_model.pt
2026-03-18 16:56:50,797 | INFO | Scalers saved to models/lstm/scalers
2026-03-18 16:56:50,797 | INFO | Training ran for 30 epochs with best validation loss 0.0771
2026-03-19 00:05:32,957 | INFO | LSTM TRAINING PIPELINE
2026-03-19 00:05:32,957 | INFO | ConfigLoader(
  project=ai_replenishment_system v1.0.0
  seed=42
  lstm_hidden=64, horizon=7
  rl_lead_time=2, episode=30 days
)
2026-03-19 00:05:32,957 | INFO | Loading raw data...
2026-03-19 00:05:32,958 | INFO | DataLoader initialised — file: data/raw/retail_store_inventory.csv
2026-03-19 00:05:32,958 | INFO | Loading raw CSV...
2026-03-19 00:05:33,007 | INFO |   Loaded 73,100 rows, 15 columns
2026-03-19 00:05:33,030 | INFO |   Final shape: (73100, 15) | Stores: 5 | Products: 20 | Date range: 2022-01-01 → 2024-01-01
2026-03-19 00:05:33,037 | INFO | Found 100 unique store-product pairs.
2026-03-19 00:05:33,037 | INFO | Loaded raw data with 73100 rows and 100 unique store-product pairs.
2026-03-19 00:05:33,037 | INFO | Preprocessing data...
2026-03-19 00:05:33,039 | INFO | Preprocessor: fit_transform started
2026-03-19 00:05:33,318 | INFO |   Fitted 100 scalers
2026-03-19 00:05:33,599 | INFO |   Saved 100 scalers to models/lstm/scalers
2026-03-19 00:05:33,599 | INFO | Preprocessor: fit_transform complete
2026-03-19 00:05:33,599 | INFO | Preprocessed data. Sample after preprocessing:
(73100, 15)
2026-03-19 00:05:33,599 | INFO | Performing feature engineering...
2026-03-19 00:05:33,599 | INFO | FeatureEngineer: building features...
2026-03-19 00:05:33,640 | INFO |   ✓ Lag features added (lag_1, lag_7)
2026-03-19 00:05:33,698 | INFO |   ✓ Rolling statistics added (mean_7, std_7)
2026-03-19 00:05:33,704 | INFO |   ✓ Time features added (day_of_week sin/cos, month sin/cos)
2026-03-19 00:05:33,718 | INFO |   ✓ Categorical encoding: 17 columns created
2026-03-19 00:05:33,723 | INFO |   ✓ Dropped 700 NaN rows (from lag/rolling at series start)
2026-03-19 00:05:33,724 | INFO | FeatureEngineer: complete. Shape: (72400, 38) | Numeric features: 12 | Categorical features: 17
2026-03-19 00:05:33,724 | INFO | Featured shapes: (72400, 38)
2026-03-19 00:05:33,724 | INFO | Numeric features: 12
2026-03-19 00:05:33,724 | INFO | Categorical features: 17
2026-03-19 00:05:33,724 | INFO | 
 Building LSTM sequence
2026-03-19 00:05:33,731 | INFO | SequenceBuilder: processing 100 store-product pairs...
2026-03-19 00:05:33,891 | INFO |   train: X=(48100, 30, 30), y=(48100, 7)
2026-03-19 00:05:33,895 | INFO |   val  : X=(10300, 30, 30), y=(10300, 7)
2026-03-19 00:05:33,899 | INFO |   test : X=(10400, 30, 30), y=(10400, 7)
2026-03-19 00:05:33,908 | INFO | Train: X=(48100, 30, 30), y=(48100, 7)
2026-03-19 00:05:33,908 | INFO | Validation: X=(10300, 30, 30), y=(10300, 7)
2026-03-19 00:05:33,908 | INFO | Test: X=(10400, 30, 30), y=(10400, 7)
2026-03-19 00:05:33,908 | INFO | 
Training LSTM model...
2026-03-19 00:05:33,908 | INFO | Actual input size for LSTM: 30 (features=30)
2026-03-19 00:05:33,913 | INFO | LSTMForecastModel created: input=30, hidden=64, layers=2, horizon=7, params=58,311
2026-03-19 00:05:33,913 | INFO | 
 LSTM Model Training
2026-03-19 00:05:34,114 | INFO | LSTMTrainer initialized on device cuda.
2026-03-19 00:05:36,938 | INFO | Starting training for 30 epochs with batch size 64 and learning rate 0.001.train_samples=48100, val_samples=10300
2026-03-19 00:05:38,238 | INFO | Epoch   1/30 | Train Loss: 0.064601 | Val Loss: 0.052260 | LR: 0.001000 | Time: 1.3s
2026-03-19 00:05:39,398 | INFO | Epoch   2/30 | Train Loss: 0.050764 | Val Loss: 0.051864 | LR: 0.001000 | Time: 1.2s
2026-03-19 00:05:40,554 | INFO | Epoch   3/30 | Train Loss: 0.058070 | Val Loss: 0.051897 | LR: 0.001000 | Time: 1.2s
2026-03-19 00:05:41,716 | INFO | Epoch   4/30 | Train Loss: 0.052342 | Val Loss: 0.051883 | LR: 0.001000 | Time: 1.2s
2026-03-19 00:05:42,885 | INFO | Epoch   5/30 | Train Loss: 0.050050 | Val Loss: 0.051920 | LR: 0.001000 | Time: 1.2s
2026-03-19 00:05:44,021 | INFO | Epoch   6/30 | Train Loss: 0.048918 | Val Loss: 0.051823 | LR: 0.001000 | Time: 1.1s
2026-03-19 00:05:45,165 | INFO | Epoch   7/30 | Train Loss: 0.057544 | Val Loss: 0.051909 | LR: 0.001000 | Time: 1.1s
2026-03-19 00:05:46,476 | INFO | Epoch   8/30 | Train Loss: 0.056297 | Val Loss: 0.051849 | LR: 0.001000 | Time: 1.3s
2026-03-19 00:05:47,631 | INFO | Epoch   9/30 | Train Loss: 0.063205 | Val Loss: 0.052833 | LR: 0.001000 | Time: 1.2s
2026-03-19 00:05:48,782 | INFO | Epoch  10/30 | Train Loss: 0.054389 | Val Loss: 0.055672 | LR: 0.001000 | Time: 1.2s
2026-03-19 00:05:49,958 | INFO | Epoch  11/30 | Train Loss: 0.053195 | Val Loss: 0.055694 | LR: 0.001000 | Time: 1.2s
2026-03-19 00:05:51,094 | INFO | Epoch  12/30 | Train Loss: 0.050624 | Val Loss: 0.058342 | LR: 0.000500 | Time: 1.1s
2026-03-19 00:05:52,230 | INFO | Epoch  13/30 | Train Loss: 0.054681 | Val Loss: 0.061286 | LR: 0.000500 | Time: 1.1s
2026-03-19 00:05:53,362 | INFO | Epoch  14/30 | Train Loss: 0.041825 | Val Loss: 0.063968 | LR: 0.000500 | Time: 1.1s
2026-03-19 00:05:54,499 | INFO | Epoch  15/30 | Train Loss: 0.047971 | Val Loss: 0.063698 | LR: 0.000500 | Time: 1.1s
2026-03-19 00:05:55,652 | INFO | Epoch  16/30 | Train Loss: 0.045210 | Val Loss: 0.063864 | LR: 0.000500 | Time: 1.2s
2026-03-19 00:05:56,804 | INFO | Epoch  17/30 | Train Loss: 0.048540 | Val Loss: 0.064028 | LR: 0.000500 | Time: 1.2s
2026-03-19 00:05:57,953 | INFO | Epoch  18/30 | Train Loss: 0.051278 | Val Loss: 0.059958 | LR: 0.000250 | Time: 1.1s
2026-03-19 00:05:59,099 | INFO | Epoch  19/30 | Train Loss: 0.053222 | Val Loss: 0.063471 | LR: 0.000250 | Time: 1.1s
2026-03-19 00:06:00,245 | INFO | Epoch  20/30 | Train Loss: 0.038824 | Val Loss: 0.064199 | LR: 0.000250 | Time: 1.1s
2026-03-19 00:06:01,375 | INFO | Epoch  21/30 | Train Loss: 0.045666 | Val Loss: 0.062794 | LR: 0.000250 | Time: 1.1s
2026-03-19 00:06:02,507 | INFO | Epoch  22/30 | Train Loss: 0.037201 | Val Loss: 0.061964 | LR: 0.000250 | Time: 1.1s
2026-03-19 00:06:03,641 | INFO | Epoch  23/30 | Train Loss: 0.043984 | Val Loss: 0.063708 | LR: 0.000250 | Time: 1.1s
2026-03-19 00:06:04,770 | INFO | Epoch  24/30 | Train Loss: 0.044759 | Val Loss: 0.064304 | LR: 0.000125 | Time: 1.1s
2026-03-19 00:06:05,926 | INFO | Epoch  25/30 | Train Loss: 0.042776 | Val Loss: 0.064807 | LR: 0.000125 | Time: 1.2s
2026-03-19 00:06:07,080 | INFO | Epoch  26/30 | Train Loss: 0.042689 | Val Loss: 0.064988 | LR: 0.000125 | Time: 1.2s
2026-03-19 00:06:08,233 | INFO | Epoch  27/30 | Train Loss: 0.045459 | Val Loss: 0.064599 | LR: 0.000125 | Time: 1.2s
2026-03-19 00:06:09,407 | INFO | Epoch  28/30 | Train Loss: 0.045148 | Val Loss: 0.064451 | LR: 0.000125 | Time: 1.2s
2026-03-19 00:06:10,576 | INFO | Epoch  29/30 | Train Loss: 0.040694 | Val Loss: 0.065448 | LR: 0.000125 | Time: 1.2s
2026-03-19 00:06:11,746 | INFO | Epoch  30/30 | Train Loss: 0.036718 | Val Loss: 0.064719 | LR: 0.000063 | Time: 1.2s
2026-03-19 00:06:11,771 | INFO | New best model saved with val_loss=0.064719 at epoch 30.
2026-03-19 00:06:11,771 | INFO | Training completed. Best val_loss=0.064719 at epoch 30.
2026-03-19 00:06:11,796 | INFO | Best model loaded from models/lstm/best_lstm_model.pt (epoch 30, val_loss=0.064719).
2026-03-19 00:06:11,796 | INFO | 
Evaluating on test set...
2026-03-19 00:06:11,863 | INFO | Forecast metrics — MAE: 0.1996 | RMSE: 0.2513 
2026-03-19 00:06:11,863 | INFO | 
LSTM training and evaluation complete.
2026-03-19 00:06:11,863 | INFO | Test Metrics Results
2026-03-19 00:06:11,863 | INFO |   MAE: 0.1996 (scaled units)
2026-03-19 00:06:11,863 | INFO |   RMSE: 0.2513 (scaled units)
2026-03-19 00:06:11,870 | INFO | 
Per-day forecast accuracy:
2026-03-19 00:06:11,870 | INFO |   Day 1: MAE=0.2055, RMSE=0.2599
2026-03-19 00:06:11,870 | INFO |   Day 2: MAE=0.2012, RMSE=0.2533
2026-03-19 00:06:11,870 | INFO |   Day 3: MAE=0.1991, RMSE=0.2512
2026-03-19 00:06:11,870 | INFO |   Day 4: MAE=0.1996, RMSE=0.2515
2026-03-19 00:06:11,870 | INFO |   Day 5: MAE=0.1991, RMSE=0.2507
2026-03-19 00:06:11,870 | INFO |   Day 6: MAE=0.1978, RMSE=0.2481
2026-03-19 00:06:11,870 | INFO |   Day 7: MAE=0.1953, RMSE=0.2442
2026-03-19 00:06:11,870 | INFO | 
Training Complete.
2026-03-19 00:06:11,870 | INFO | Model saved to: models/lstm/best_model.pt
2026-03-19 00:06:11,870 | INFO | Scalers saved to models/lstm/scalers
2026-03-19 00:06:11,870 | INFO | Training ran for 30 epochs with best validation loss 0.0647
